<!DOCTYPE html PUBLIC "-//W3C//DTD XHTML 1.1//EN" "http://www.w3.org/TR/xhtml11/DTD/xhtml11.dtd">
<html xmlns="http://www.w3.org/1999/xhtml">
<head>
<meta http-equiv="content-type" content="text/html; charset=UTF-8"/>
<title>TestNG Report</title>
<style type="text/css">table {margin-bottom:10px;border-collapse:collapse;empty-cells:show}th,td {border:1px solid #009;padding:.25em .5em}th {vertical-align:bottom}td {vertical-align:top}table a {font-weight:bold}.stripe td {background-color: #E6EBF9}.num {text-align:right}.passedodd td {background-color: #3F3}.passedeven td {background-color: #0A0}.skippedodd td {background-color: #DDD}.skippedeven td {background-color: #CCC}.failedodd td,.attn {background-color: #F33}.failedeven td,.stripe .attn {background-color: #D00}.stacktrace {white-space:pre;font-family:monospace}.totop {font-size:85%;text-align:center;border-bottom:2px solid #000}.invisible {display:none}</style>
</head>
<body>
<table>
<tr><th>Test</th><th># Passed</th><th># Skipped</th><th># Retried</th><th># Failed</th><th>Time (ms)</th><th>Included Groups</th><th>Excluded Groups</th></tr>
<tr><th colspan="8">SuiteTestsFrontEnd</th></tr>
<tr><td><a href="#t0">HomePageTest</a></td><td class="num">3</td><td class="num">0</td><td class="num">0</td><td class="num attn">1</td><td class="num">151,304</td><td></td><td></td></tr>
<tr class="stripe"><td><a href="#t1">ProjectBoardTest</a></td><td class="num">3</td><td class="num">0</td><td class="num">0</td><td class="num attn">2</td><td class="num">244,874</td><td></td><td></td></tr>
<tr><th colspan="8">SuiteTestsBackEnd</th></tr>
<tr><td><a href="#t2">Test</a></td><td class="num">8</td><td class="num">0</td><td class="num">0</td><td class="num">0</td><td class="num">5,461</td><td></td><td></td></tr>
<tr><th>Total</th><th class="num">14</th><th class="num">0</th><th class="num">0</th><th class="num attn">3</th><th class="num">401,639</th><th colspan="2"></th></tr>
</table>
<table id='summary'><thead><tr><th>Class</th><th>Method</th><th>Start</th><th>Time (ms)</th></tr></thead><tbody><tr><th colspan="4">SuiteTestsFrontEnd</th></tr></tbody><tbody id="t0"><tr><th colspan="4">HomePageTest &#8212; failed</th></tr><tr class="failedeven"><td rowspan="1">uiTests.HomePageTests</td><td><a href="#m0">validateScreenShotError</a></td><td rowspan="1">1602202550839</td><td rowspan="1">204</td></tr><tr><th colspan="4">HomePageTest &#8212; passed</th></tr><tr class="passedeven"><td rowspan="3">uiTests.HomePageTests</td><td><a href="#m1">validateHomePage</a></td><td rowspan="1">1602202457224</td><td rowspan="1">26640</td></tr><tr class="passedeven"><td><a href="#m2">validateLogin</a></td><td rowspan="1">1602202421759</td><td rowspan="1">20016</td></tr><tr class="passedeven"><td><a href="#m3">validatePersonalProject</a></td><td rowspan="1">1602202501942</td><td rowspan="1">27054</td></tr></tbody>
<tbody id="t1"><tr><th colspan="4">ProjectBoardTest &#8212; failed</th></tr><tr class="failedeven"><td rowspan="2">uiTests.ProjectBoardTest</td><td><a href="#m4">AddCommentCard</a></td><td rowspan="1">1602202670226</td><td rowspan="1">27718</td></tr><tr class="failedeven"><td><a href="#m5">UpdateDescription</a></td><td rowspan="1">1602202629913</td><td rowspan="1">22701</td></tr><tr><th colspan="4">ProjectBoardTest &#8212; passed</th></tr><tr class="passedeven"><td rowspan="3">uiTests.ProjectBoardTest</td><td><a href="#m6">CreateNewCard</a></td><td rowspan="1">1602202572096</td><td rowspan="1">36057</td></tr><tr class="passedeven"><td><a href="#m7">MoveCardToList</a></td><td rowspan="1">1602202717713</td><td rowspan="1">32323</td></tr><tr class="passedeven"><td><a href="#m8">ValidateCardWasMoved</a></td><td rowspan="1">1602202772669</td><td rowspan="1">25281</td></tr></tbody>
<tbody><tr><th colspan="4">SuiteTestsBackEnd</th></tr></tbody><tbody id="t2"><tr><th colspan="4">Test &#8212; passed</th></tr><tr class="passedeven"><td rowspan="8">apiTests.RestFullCard</td><td><a href="#m9">ValidateToCloseCard</a></td><td rowspan="1">1602202402320</td><td rowspan="1">995</td></tr><tr class="passedeven"><td><a href="#m10">createNewCard</a></td><td rowspan="1">1602202399084</td><td rowspan="1">3126</td></tr><tr class="passedeven"><td><a href="#m11">validateAddNewComment</a></td><td rowspan="1">1602202399086</td><td rowspan="1">3119</td></tr><tr class="passedeven"><td><a href="#m12">validateCard</a></td><td rowspan="1">1602202399085</td><td rowspan="1">3117</td></tr><tr class="passedeven"><td><a href="#m13">validateDeleteCard</a></td><td rowspan="1">1602202399084</td><td rowspan="1">3897</td></tr><tr class="passedeven"><td><a href="#m14">validateLists</a></td><td rowspan="1">1602202399084</td><td rowspan="1">3113</td></tr><tr class="passedeven"><td><a href="#m15">validateMoveCardToList</a></td><td rowspan="1">1602202402298</td><td rowspan="1">444</td></tr><tr class="passedeven"><td><a href="#m16">validateUpdateCard</a></td><td rowspan="1">1602202402309</td><td rowspan="1">446</td></tr></tbody>
</table>
<h2>HomePageTest</h2><h3 id="m0">uiTests.HomePageTests#validateScreenShotError</h3><table class="result"><tr><th>Exception</th></tr><tr><td><div class="stacktrace">java.lang.AssertionError: expected [Log Out] but found [Log In]
	at uiTests.HomePageTests.validateScreenShotError(HomePageTests.java:38)
	at java.base/java.util.concurrent.ThreadPoolExecutor.runWorker(ThreadPoolExecutor.java:1130)
	at java.base/java.util.concurrent.ThreadPoolExecutor$Worker.run(ThreadPoolExecutor.java:630)
	at java.base/java.lang.Thread.run(Thread.java:832)
... Removed 17 stack frames</div></td></tr></table><p class="totop"><a href="#summary">back to summary</a></p>
<h3 id="m1">uiTests.HomePageTests#validateHomePage</h3><table class="result"><tr><th class="invisible"/></tr></table><p class="totop"><a href="#summary">back to summary</a></p>
<h3 id="m2">uiTests.HomePageTests#validateLogin</h3><table class="result"><tr><th class="invisible"/></tr></table><p class="totop"><a href="#summary">back to summary</a></p>
<h3 id="m3">uiTests.HomePageTests#validatePersonalProject</h3><table class="result"><tr><th class="invisible"/></tr></table><p class="totop"><a href="#summary">back to summary</a></p>
<h2>ProjectBoardTest</h2><h3 id="m4">uiTests.ProjectBoardTest#AddCommentCard</h3><table class="result"><tr><th>Exception</th></tr><tr><td><div class="stacktrace">org.openqa.selenium.StaleElementReferenceException: stale element reference: element is not attached to the page document
  (Session info: chrome=86.0.4240.75)
For documentation on this error, please visit: https://www.seleniumhq.org/exceptions/stale_element_reference.html
Build info: version: &apos;3.141.59&apos;, revision: &apos;e82be7d358&apos;, time: &apos;2018-11-14T08:17:03&apos;
System info: host: &apos;EN911042&apos;, ip: &apos;192.168.0.43&apos;, os.name: &apos;Windows 10&apos;, os.arch: &apos;amd64&apos;, os.version: &apos;10.0&apos;, java.version: &apos;15&apos;
Driver info: org.openqa.selenium.chrome.ChromeDriver
Capabilities {acceptInsecureCerts: false, browserName: chrome, browserVersion: 86.0.4240.75, chrome: {chromedriverVersion: 86.0.4240.22 (398b0743353ff..., userDataDir: C:\Users\cvalero\AppData\Lo...}, goog:chromeOptions: {debuggerAddress: localhost:49425}, javascriptEnabled: true, networkConnectionEnabled: false, pageLoadStrategy: normal, platform: WINDOWS, platformName: WINDOWS, proxy: Proxy(), setWindowRect: true, strictFileInteractability: false, timeouts: {implicit: 0, pageLoad: 300000, script: 30000}, unhandledPromptBehavior: dismiss and notify, webauthn:virtualAuthenticators: true}
Session ID: f1eb04c33bdea1d6400577eaa0dc196a
	at org.openqa.selenium.remote.http.W3CHttpResponseCodec.createException(W3CHttpResponseCodec.java:187)
	at org.openqa.selenium.remote.http.W3CHttpResponseCodec.decode(W3CHttpResponseCodec.java:122)
	at org.openqa.selenium.remote.http.W3CHttpResponseCodec.decode(W3CHttpResponseCodec.java:49)
	at org.openqa.selenium.remote.HttpCommandExecutor.execute(HttpCommandExecutor.java:158)
	at org.openqa.selenium.remote.service.DriverCommandExecutor.execute(DriverCommandExecutor.java:83)
	at org.openqa.selenium.remote.RemoteWebDriver.execute(RemoteWebDriver.java:552)
	at org.openqa.selenium.remote.RemoteWebElement.execute(RemoteWebElement.java:285)
	at org.openqa.selenium.remote.RemoteWebElement.isDisplayed(RemoteWebElement.java:326)
	at org.openqa.selenium.support.pagefactory.internal.LocatingElementHandler.invoke(LocatingElementHandler.java:51)
	at com.sun.proxy.$Proxy38.isDisplayed(Unknown Source)
	at org.openqa.selenium.support.ui.ExpectedConditions.elementIfVisible(ExpectedConditions.java:314)
	at org.openqa.selenium.support.ui.ExpectedConditions.access$000(ExpectedConditions.java:43)
	at org.openqa.selenium.support.ui.ExpectedConditions$10.apply(ExpectedConditions.java:300)
	at org.openqa.selenium.support.ui.ExpectedConditions$10.apply(ExpectedConditions.java:297)
	at org.openqa.selenium.support.ui.FluentWait.until(FluentWait.java:249)
	at pageObjects.BasePage.waitForElementToBeLoaded(BasePage.java:58)
	at pageObjects.ProjectBoardPage.AddCommment(ProjectBoardPage.java:81)
	at uiTests.ProjectBoardTest.AddCommentCard(ProjectBoardTest.java:42)
	at java.base/java.util.concurrent.ThreadPoolExecutor.runWorker(ThreadPoolExecutor.java:1130)
	at java.base/java.util.concurrent.ThreadPoolExecutor$Worker.run(ThreadPoolExecutor.java:630)
	at java.base/java.lang.Thread.run(Thread.java:832)
... Removed 20 stack frames</div></td></tr></table><p class="totop"><a href="#summary">back to summary</a></p>
<h3 id="m5">uiTests.ProjectBoardTest#UpdateDescription</h3><table class="result"><tr><th>Exception</th></tr><tr><td><div class="stacktrace">org.openqa.selenium.StaleElementReferenceException: stale element reference: element is not attached to the page document
  (Session info: chrome=86.0.4240.75)
For documentation on this error, please visit: https://www.seleniumhq.org/exceptions/stale_element_reference.html
Build info: version: &apos;3.141.59&apos;, revision: &apos;e82be7d358&apos;, time: &apos;2018-11-14T08:17:03&apos;
System info: host: &apos;EN911042&apos;, ip: &apos;192.168.0.43&apos;, os.name: &apos;Windows 10&apos;, os.arch: &apos;amd64&apos;, os.version: &apos;10.0&apos;, java.version: &apos;15&apos;
Driver info: org.openqa.selenium.chrome.ChromeDriver
Capabilities {acceptInsecureCerts: false, browserName: chrome, browserVersion: 86.0.4240.75, chrome: {chromedriverVersion: 86.0.4240.22 (398b0743353ff..., userDataDir: C:\Users\cvalero\AppData\Lo...}, goog:chromeOptions: {debuggerAddress: localhost:49317}, javascriptEnabled: true, networkConnectionEnabled: false, pageLoadStrategy: normal, platform: WINDOWS, platformName: WINDOWS, proxy: Proxy(), setWindowRect: true, strictFileInteractability: false, timeouts: {implicit: 0, pageLoad: 300000, script: 30000}, unhandledPromptBehavior: dismiss and notify, webauthn:virtualAuthenticators: true}
Session ID: e5d87ce4d9fdd50464af13cded955616
	at org.openqa.selenium.remote.http.W3CHttpResponseCodec.createException(W3CHttpResponseCodec.java:187)
	at org.openqa.selenium.remote.http.W3CHttpResponseCodec.decode(W3CHttpResponseCodec.java:122)
	at org.openqa.selenium.remote.http.W3CHttpResponseCodec.decode(W3CHttpResponseCodec.java:49)
	at org.openqa.selenium.remote.HttpCommandExecutor.execute(HttpCommandExecutor.java:158)
	at org.openqa.selenium.remote.service.DriverCommandExecutor.execute(DriverCommandExecutor.java:83)
	at org.openqa.selenium.remote.RemoteWebDriver.execute(RemoteWebDriver.java:552)
	at org.openqa.selenium.remote.RemoteWebElement.execute(RemoteWebElement.java:285)
	at org.openqa.selenium.remote.RemoteWebElement.click(RemoteWebElement.java:84)
	at pageObjects.ProjectBoardPage.UpdateDescription(ProjectBoardPage.java:63)
	at uiTests.ProjectBoardTest.UpdateDescription(ProjectBoardTest.java:30)
	at java.base/java.util.concurrent.ThreadPoolExecutor.runWorker(ThreadPoolExecutor.java:1130)
	at java.base/java.util.concurrent.ThreadPoolExecutor$Worker.run(ThreadPoolExecutor.java:630)
	at java.base/java.lang.Thread.run(Thread.java:832)
... Removed 17 stack frames</div></td></tr></table><p class="totop"><a href="#summary">back to summary</a></p>
<h3 id="m6">uiTests.ProjectBoardTest#CreateNewCard</h3><table class="result"><tr><th class="invisible"/></tr></table><p class="totop"><a href="#summary">back to summary</a></p>
<h3 id="m7">uiTests.ProjectBoardTest#MoveCardToList</h3><table class="result"><tr><th class="invisible"/></tr></table><p class="totop"><a href="#summary">back to summary</a></p>
<h3 id="m8">uiTests.ProjectBoardTest#ValidateCardWasMoved</h3><table class="result"><tr><th class="invisible"/></tr></table><p class="totop"><a href="#summary">back to summary</a></p>
<h2>Test</h2><h3 id="m9">apiTests.RestFullCard#ValidateToCloseCard</h3><table class="result"><tr><th class="invisible"/></tr></table><p class="totop"><a href="#summary">back to summary</a></p>
<h3 id="m10">apiTests.RestFullCard#createNewCard</h3><table class="result"><tr><th class="invisible"/></tr></table><p class="totop"><a href="#summary">back to summary</a></p>
<h3 id="m11">apiTests.RestFullCard#validateAddNewComment</h3><table class="result"><tr><th class="invisible"/></tr></table><p class="totop"><a href="#summary">back to summary</a></p>
<h3 id="m12">apiTests.RestFullCard#validateCard</h3><table class="result"><tr><th class="invisible"/></tr></table><p class="totop"><a href="#summary">back to summary</a></p>
<h3 id="m13">apiTests.RestFullCard#validateDeleteCard</h3><table class="result"><tr><th class="invisible"/></tr></table><p class="totop"><a href="#summary">back to summary</a></p>
<h3 id="m14">apiTests.RestFullCard#validateLists</h3><table class="result"><tr><th class="invisible"/></tr></table><p class="totop"><a href="#summary">back to summary</a></p>
<h3 id="m15">apiTests.RestFullCard#validateMoveCardToList</h3><table class="result"><tr><th class="invisible"/></tr></table><p class="totop"><a href="#summary">back to summary</a></p>
<h3 id="m16">apiTests.RestFullCard#validateUpdateCard</h3><table class="result"><tr><th class="invisible"/></tr></table><p class="totop"><a href="#summary">back to summary</a></p>
</body>
</html>
