<!DOCTYPE html>

<html>
  <head>
  <meta charset='utf-8'>
  <title>TestNG reports</title>

    <link type="text/css" href="testng-reports.css" rel="stylesheet" />
    <script type="text/javascript" src="jquery-3.4.1.min.js"></script>
    <script type="text/javascript" src="testng-reports.js"></script>
    <script type="text/javascript" src="https://www.google.com/jsapi"></script>
    <script type='text/javascript'>
      google.load('visualization', '1', {packages:['table']});
      google.setOnLoadCallback(drawTable);
      var suiteTableInitFunctions = new Array();
      var suiteTableData = new Array();
    </script>
    <!--
      <script type="text/javascript" src="jquery-ui/js/jquery-ui-1.8.16.custom.min.js"></script>
     -->
  </head>

  <body>
    <div class="top-banner-root">
      <span class="top-banner-title-font">Test results</span>
      <br/>
      <span class="top-banner-font-1">2 suites</span>
    </div> <!-- top-banner-root -->
    <div class="navigator-root">
      <div class="navigator-suite-header">
        <span>All suites</span>
        <a href="#" title="Collapse/expand all the suites" class="collapse-all-link">
          <img src="collapseall.gif" class="collapse-all-icon">
          </img> <!-- collapse-all-icon -->
        </a> <!-- collapse-all-link -->
      </div> <!-- navigator-suite-header -->
      <div class="suite">
        <div class="rounded-window">
          <div class="suite-header light-rounded-window-top">
            <a href="#" panel-name="suite-SuiteTestsFrontEnd" class="navigator-link">
              <span class="suite-name border-skipped">SuiteTestsFrontEnd</span>
            </a> <!-- navigator-link -->
          </div> <!-- suite-header light-rounded-window-top -->
          <div class="navigator-suite-content">
            <div class="suite-section-title">
              <span>Info</span>
            </div> <!-- suite-section-title -->
            <div class="suite-section-content">
              <ul>
                <li>
                  <a href="#" panel-name="test-xml-SuiteTestsFrontEnd" class="navigator-link ">
                    <span>C:\Users\cvalero\OneDrive - ENDAVA\Documents\Projects\FinalProjectAutomation\testngUI.xml</span>
                  </a> <!-- navigator-link  -->
                </li>
                <li>
                  <a href="#" panel-name="testlist-SuiteTestsFrontEnd" class="navigator-link ">
                    <span class="test-stats">2 tests</span>
                  </a> <!-- navigator-link  -->
                </li>
                <li>
                  <a href="#" panel-name="group-SuiteTestsFrontEnd" class="navigator-link ">
                    <span>0 groups</span>
                  </a> <!-- navigator-link  -->
                </li>
                <li>
                  <a href="#" panel-name="times-SuiteTestsFrontEnd" class="navigator-link ">
                    <span>Times</span>
                  </a> <!-- navigator-link  -->
                </li>
                <li>
                  <a href="#" panel-name="reporter-SuiteTestsFrontEnd" class="navigator-link ">
                    <span>Reporter output</span>
                  </a> <!-- navigator-link  -->
                </li>
                <li>
                  <a href="#" panel-name="ignored-methods-SuiteTestsFrontEnd" class="navigator-link ">
                    <span>Ignored methods</span>
                  </a> <!-- navigator-link  -->
                </li>
                <li>
                  <a href="#" panel-name="chronological-SuiteTestsFrontEnd" class="navigator-link ">
                    <span>Chronological view</span>
                  </a> <!-- navigator-link  -->
                </li>
              </ul>
            </div> <!-- suite-section-content -->
            <div class="result-section">
              <div class="suite-section-title">
                <span>Results</span>
              </div> <!-- suite-section-title -->
              <div class="suite-section-content">
                <ul>
                  <li>
                    <span class="method-stats">9 methods,  9 skipped,  </span>
                  </li>
                  <li>
                    <span class="method-list-title skipped">Skipped methods</span>
                    <span class="show-or-hide-methods skipped">
                      <a href="#" panel-name="suite-SuiteTestsFrontEnd" class="hide-methods skipped suite-SuiteTestsFrontEnd"> (hide)</a> <!-- hide-methods skipped suite-SuiteTestsFrontEnd -->
                      <a href="#" panel-name="suite-SuiteTestsFrontEnd" class="show-methods skipped suite-SuiteTestsFrontEnd"> (show)</a> <!-- show-methods skipped suite-SuiteTestsFrontEnd -->
                    </span>
                    <div class="method-list-content skipped suite-SuiteTestsFrontEnd">
                      <span>
                        <img src="skipped.png" width="3%"/>
                        <a href="#" panel-name="suite-SuiteTestsFrontEnd" title="uiTests.ProjectBoardTest" class="method navigator-link" hash-for-method="AddCommentCard">AddCommentCard</a> <!-- method navigator-link -->
                      </span>
                      <br/>
                      <span>
                        <img src="skipped.png" width="3%"/>
                        <a href="#" panel-name="suite-SuiteTestsFrontEnd" title="uiTests.ProjectBoardTest" class="method navigator-link" hash-for-method="CreateNewCard">CreateNewCard</a> <!-- method navigator-link -->
                      </span>
                      <br/>
                      <span>
                        <img src="skipped.png" width="3%"/>
                        <a href="#" panel-name="suite-SuiteTestsFrontEnd" title="uiTests.ProjectBoardTest" class="method navigator-link" hash-for-method="MoveCardToList">MoveCardToList</a> <!-- method navigator-link -->
                      </span>
                      <br/>
                      <span>
                        <img src="skipped.png" width="3%"/>
                        <a href="#" panel-name="suite-SuiteTestsFrontEnd" title="uiTests.ProjectBoardTest" class="method navigator-link" hash-for-method="UpdateDescription">UpdateDescription</a> <!-- method navigator-link -->
                      </span>
                      <br/>
                      <span>
                        <img src="skipped.png" width="3%"/>
                        <a href="#" panel-name="suite-SuiteTestsFrontEnd" title="uiTests.ProjectBoardTest" class="method navigator-link" hash-for-method="ValidateCardWasMoved">ValidateCardWasMoved</a> <!-- method navigator-link -->
                      </span>
                      <br/>
                      <span>
                        <img src="skipped.png" width="3%"/>
                        <a href="#" panel-name="suite-SuiteTestsFrontEnd" title="uiTests.HomePageTests" class="method navigator-link" hash-for-method="validateHomePage">validateHomePage</a> <!-- method navigator-link -->
                      </span>
                      <br/>
                      <span>
                        <img src="skipped.png" width="3%"/>
                        <a href="#" panel-name="suite-SuiteTestsFrontEnd" title="uiTests.HomePageTests" class="method navigator-link" hash-for-method="validateLogin">validateLogin</a> <!-- method navigator-link -->
                      </span>
                      <br/>
                      <span>
                        <img src="skipped.png" width="3%"/>
                        <a href="#" panel-name="suite-SuiteTestsFrontEnd" title="uiTests.HomePageTests" class="method navigator-link" hash-for-method="validatePersonalProject">validatePersonalProject</a> <!-- method navigator-link -->
                      </span>
                      <br/>
                      <span>
                        <img src="skipped.png" width="3%"/>
                        <a href="#" panel-name="suite-SuiteTestsFrontEnd" title="uiTests.HomePageTests" class="method navigator-link" hash-for-method="validateScreenShotError">validateScreenShotError</a> <!-- method navigator-link -->
                      </span>
                      <br/>
                    </div> <!-- method-list-content skipped suite-SuiteTestsFrontEnd -->
                  </li>
                </ul>
              </div> <!-- suite-section-content -->
            </div> <!-- result-section -->
          </div> <!-- navigator-suite-content -->
        </div> <!-- rounded-window -->
      </div> <!-- suite -->
      <div class="suite">
        <div class="rounded-window">
          <div class="suite-header light-rounded-window-top">
            <a href="#" panel-name="suite-SuiteTestsBackEnd" class="navigator-link">
              <span class="suite-name border-passed">SuiteTestsBackEnd</span>
            </a> <!-- navigator-link -->
          </div> <!-- suite-header light-rounded-window-top -->
          <div class="navigator-suite-content">
            <div class="suite-section-title">
              <span>Info</span>
            </div> <!-- suite-section-title -->
            <div class="suite-section-content">
              <ul>
                <li>
                  <a href="#" panel-name="test-xml-SuiteTestsBackEnd" class="navigator-link ">
                    <span>C:\Users\cvalero\OneDrive - ENDAVA\Documents\Projects\FinalProjectAutomation\testngAPI.xml</span>
                  </a> <!-- navigator-link  -->
                </li>
                <li>
                  <a href="#" panel-name="testlist-SuiteTestsBackEnd" class="navigator-link ">
                    <span class="test-stats">1 test</span>
                  </a> <!-- navigator-link  -->
                </li>
                <li>
                  <a href="#" panel-name="group-SuiteTestsBackEnd" class="navigator-link ">
                    <span>0 groups</span>
                  </a> <!-- navigator-link  -->
                </li>
                <li>
                  <a href="#" panel-name="times-SuiteTestsBackEnd" class="navigator-link ">
                    <span>Times</span>
                  </a> <!-- navigator-link  -->
                </li>
                <li>
                  <a href="#" panel-name="reporter-SuiteTestsBackEnd" class="navigator-link ">
                    <span>Reporter output</span>
                  </a> <!-- navigator-link  -->
                </li>
                <li>
                  <a href="#" panel-name="ignored-methods-SuiteTestsBackEnd" class="navigator-link ">
                    <span>Ignored methods</span>
                  </a> <!-- navigator-link  -->
                </li>
                <li>
                  <a href="#" panel-name="chronological-SuiteTestsBackEnd" class="navigator-link ">
                    <span>Chronological view</span>
                  </a> <!-- navigator-link  -->
                </li>
              </ul>
            </div> <!-- suite-section-content -->
            <div class="result-section">
              <div class="suite-section-title">
                <span>Results</span>
              </div> <!-- suite-section-title -->
              <div class="suite-section-content">
                <ul>
                  <li>
                    <span class="method-stats">8 methods,   8 passed</span>
                  </li>
                  <li>
                    <span class="method-list-title passed">Passed methods</span>
                    <span class="show-or-hide-methods passed">
                      <a href="#" panel-name="suite-SuiteTestsBackEnd" class="hide-methods passed suite-SuiteTestsBackEnd"> (hide)</a> <!-- hide-methods passed suite-SuiteTestsBackEnd -->
                      <a href="#" panel-name="suite-SuiteTestsBackEnd" class="show-methods passed suite-SuiteTestsBackEnd"> (show)</a> <!-- show-methods passed suite-SuiteTestsBackEnd -->
                    </span>
                    <div class="method-list-content passed suite-SuiteTestsBackEnd">
                      <span>
                        <img src="passed.png" width="3%"/>
                        <a href="#" panel-name="suite-SuiteTestsBackEnd" title="apiTests.RestFullCard" class="method navigator-link" hash-for-method="ValidateToCloseCard">ValidateToCloseCard</a> <!-- method navigator-link -->
                      </span>
                      <br/>
                      <span>
                        <img src="passed.png" width="3%"/>
                        <a href="#" panel-name="suite-SuiteTestsBackEnd" title="apiTests.RestFullCard" class="method navigator-link" hash-for-method="createNewCard">createNewCard</a> <!-- method navigator-link -->
                      </span>
                      <br/>
                      <span>
                        <img src="passed.png" width="3%"/>
                        <a href="#" panel-name="suite-SuiteTestsBackEnd" title="apiTests.RestFullCard" class="method navigator-link" hash-for-method="validateAddNewComment">validateAddNewComment</a> <!-- method navigator-link -->
                      </span>
                      <br/>
                      <span>
                        <img src="passed.png" width="3%"/>
                        <a href="#" panel-name="suite-SuiteTestsBackEnd" title="apiTests.RestFullCard" class="method navigator-link" hash-for-method="validateCard">validateCard</a> <!-- method navigator-link -->
                      </span>
                      <br/>
                      <span>
                        <img src="passed.png" width="3%"/>
                        <a href="#" panel-name="suite-SuiteTestsBackEnd" title="apiTests.RestFullCard" class="method navigator-link" hash-for-method="validateDeleteCard">validateDeleteCard</a> <!-- method navigator-link -->
                      </span>
                      <br/>
                      <span>
                        <img src="passed.png" width="3%"/>
                        <a href="#" panel-name="suite-SuiteTestsBackEnd" title="apiTests.RestFullCard" class="method navigator-link" hash-for-method="validateLists">validateLists</a> <!-- method navigator-link -->
                      </span>
                      <br/>
                      <span>
                        <img src="passed.png" width="3%"/>
                        <a href="#" panel-name="suite-SuiteTestsBackEnd" title="apiTests.RestFullCard" class="method navigator-link" hash-for-method="validateMoveCardToList">validateMoveCardToList</a> <!-- method navigator-link -->
                      </span>
                      <br/>
                      <span>
                        <img src="passed.png" width="3%"/>
                        <a href="#" panel-name="suite-SuiteTestsBackEnd" title="apiTests.RestFullCard" class="method navigator-link" hash-for-method="validateUpdateCard">validateUpdateCard</a> <!-- method navigator-link -->
                      </span>
                      <br/>
                    </div> <!-- method-list-content passed suite-SuiteTestsBackEnd -->
                  </li>
                </ul>
              </div> <!-- suite-section-content -->
            </div> <!-- result-section -->
          </div> <!-- navigator-suite-content -->
        </div> <!-- rounded-window -->
      </div> <!-- suite -->
    </div> <!-- navigator-root -->
    <div class="wrapper">
      <div class="main-panel-root">
        <div panel-name="suite-SuiteTestsFrontEnd" class="panel SuiteTestsFrontEnd">
          <div class="suite-SuiteTestsFrontEnd-class-skipped">
            <div class="main-panel-header rounded-window-top">
              <img src="skipped.png"/>
              <span class="class-name">uiTests.ProjectBoardTest</span>
            </div> <!-- main-panel-header rounded-window-top -->
            <div class="main-panel-content rounded-window-bottom">
              <div class="method">
                <div class="method-content">
                  <a name="AddCommentCard">
                  </a> <!-- AddCommentCard -->
                  <span class="method-name">AddCommentCard</span>
                  <div class="stack-trace">org.openqa.selenium.SessionNotCreatedException: session not created: This version of ChromeDriver only supports Chrome version 86
Current browser version is 101.0.4951.54 with binary path C:\Program Files (x86)\Google\Chrome\Application\chrome.exe
Build info: version: &apos;3.141.59&apos;, revision: &apos;e82be7d358&apos;, time: &apos;2018-11-14T08:17:03&apos;
System info: host: &apos;EN911415&apos;, ip: &apos;192.168.1.111&apos;, os.name: &apos;Windows 10&apos;, os.arch: &apos;amd64&apos;, os.version: &apos;10.0&apos;, java.version: &apos;15.0.1&apos;
Driver info: driver.version: ChromeDriver
remote stacktrace: Backtrace:
	Ordinal0 [0x005DC013+3194899]
	Ordinal0 [0x004C6021+2056225]
	Ordinal0 [0x0035F608+587272]
	Ordinal0 [0x002E1BF3+72691]
	Ordinal0 [0x002DE229+57897]
	Ordinal0 [0x002DC64A+50762]
	Ordinal0 [0x00301EE9+204521]
	Ordinal0 [0x00301D0D+204045]
	Ordinal0 [0x002FFC1B+195611]
	Ordinal0 [0x002E3B7F+80767]
	Ordinal0 [0x002E4B4E+84814]
	Ordinal0 [0x002E4AD9+84697]
	Ordinal0 [0x004DCE64+2149988]
	GetHandleVerifier [0x0074BE95+1400773]
	GetHandleVerifier [0x0074BB61+1399953]
	GetHandleVerifier [0x007531FA+1430314]
	GetHandleVerifier [0x0074C69F+1402831]
	Ordinal0 [0x004D3D61+2112865]
	Ordinal0 [0x004DE5CB+2155979]
	Ordinal0 [0x004DE6F5+2156277]
	Ordinal0 [0x004EF26E+2224750]
	BaseThreadInitThunk [0x76DFFA29+25]
	RtlGetAppContainerNamedObjectPath [0x76F47A7E+286]
	RtlGetAppContainerNamedObjectPath [0x76F47A4E+238]

	at org.openqa.selenium.remote.W3CHandshakeResponse.lambda$errorHandler$0(W3CHandshakeResponse.java:62)
	at org.openqa.selenium.remote.HandshakeResponse.lambda$getResponseFunction$0(HandshakeResponse.java:30)
	at org.openqa.selenium.remote.ProtocolHandshake.lambda$createSession$0(ProtocolHandshake.java:126)
	at java.base/java.util.stream.ReferencePipeline$3$1.accept(ReferencePipeline.java:195)
	at java.base/java.util.Spliterators$ArraySpliterator.tryAdvance(Spliterators.java:958)
	at java.base/java.util.stream.ReferencePipeline.forEachWithCancel(ReferencePipeline.java:127)
	at java.base/java.util.stream.AbstractPipeline.copyIntoWithCancel(AbstractPipeline.java:502)
	at java.base/java.util.stream.AbstractPipeline.copyInto(AbstractPipeline.java:488)
	at java.base/java.util.stream.AbstractPipeline.wrapAndCopyInto(AbstractPipeline.java:474)
	at java.base/java.util.stream.FindOps$FindOp.evaluateSequential(FindOps.java:150)
	at java.base/java.util.stream.AbstractPipeline.evaluate(AbstractPipeline.java:234)
	at java.base/java.util.stream.ReferencePipeline.findFirst(ReferencePipeline.java:543)
	at org.openqa.selenium.remote.ProtocolHandshake.createSession(ProtocolHandshake.java:128)
	at org.openqa.selenium.remote.ProtocolHandshake.createSession(ProtocolHandshake.java:74)
	at org.openqa.selenium.remote.HttpCommandExecutor.execute(HttpCommandExecutor.java:136)
	at org.openqa.selenium.remote.service.DriverCommandExecutor.execute(DriverCommandExecutor.java:83)
	at org.openqa.selenium.remote.RemoteWebDriver.execute(RemoteWebDriver.java:552)
	at org.openqa.selenium.remote.RemoteWebDriver.startSession(RemoteWebDriver.java:213)
	at org.openqa.selenium.remote.RemoteWebDriver.&lt;init&gt;(RemoteWebDriver.java:131)
	at org.openqa.selenium.chrome.ChromeDriver.&lt;init&gt;(ChromeDriver.java:181)
	at org.openqa.selenium.chrome.ChromeDriver.&lt;init&gt;(ChromeDriver.java:168)
	at org.openqa.selenium.chrome.ChromeDriver.&lt;init&gt;(ChromeDriver.java:123)
	at browserFactory.ChromeDriverManager.createDriver(ChromeDriverManager.java:10)
	at browserFactory.DriverManager.getDriver(DriverManager.java:20)
	at pageObjects.BasePage.browserDriverConnection(BasePage.java:30)
	at uiTests.BaseTest.loadData(BaseTest.java:46)
	at java.base/java.util.concurrent.ThreadPoolExecutor.runWorker(ThreadPoolExecutor.java:1130)
	at java.base/java.util.concurrent.ThreadPoolExecutor$Worker.run(ThreadPoolExecutor.java:630)
	at java.base/java.lang.Thread.run(Thread.java:832)
... Removed 21 stack frames
</div> <!-- stack-trace -->
                  <em>
(Add a comment in the Card)                  </em>
                </div> <!-- method-content -->
              </div> <!-- method -->
              <div class="method">
                <div class="method-content">
                  <a name="CreateNewCard">
                  </a> <!-- CreateNewCard -->
                  <span class="method-name">CreateNewCard</span>
                  <div class="stack-trace">org.openqa.selenium.SessionNotCreatedException: session not created: This version of ChromeDriver only supports Chrome version 86
Current browser version is 101.0.4951.54 with binary path C:\Program Files (x86)\Google\Chrome\Application\chrome.exe
Build info: version: &apos;3.141.59&apos;, revision: &apos;e82be7d358&apos;, time: &apos;2018-11-14T08:17:03&apos;
System info: host: &apos;EN911415&apos;, ip: &apos;192.168.1.111&apos;, os.name: &apos;Windows 10&apos;, os.arch: &apos;amd64&apos;, os.version: &apos;10.0&apos;, java.version: &apos;15.0.1&apos;
Driver info: driver.version: ChromeDriver
remote stacktrace: Backtrace:
	Ordinal0 [0x005DC013+3194899]
	Ordinal0 [0x004C6021+2056225]
	Ordinal0 [0x0035F608+587272]
	Ordinal0 [0x002E1BF3+72691]
	Ordinal0 [0x002DE229+57897]
	Ordinal0 [0x002DC64A+50762]
	Ordinal0 [0x00301EE9+204521]
	Ordinal0 [0x00301D0D+204045]
	Ordinal0 [0x002FFC1B+195611]
	Ordinal0 [0x002E3B7F+80767]
	Ordinal0 [0x002E4B4E+84814]
	Ordinal0 [0x002E4AD9+84697]
	Ordinal0 [0x004DCE64+2149988]
	GetHandleVerifier [0x0074BE95+1400773]
	GetHandleVerifier [0x0074BB61+1399953]
	GetHandleVerifier [0x007531FA+1430314]
	GetHandleVerifier [0x0074C69F+1402831]
	Ordinal0 [0x004D3D61+2112865]
	Ordinal0 [0x004DE5CB+2155979]
	Ordinal0 [0x004DE6F5+2156277]
	Ordinal0 [0x004EF26E+2224750]
	BaseThreadInitThunk [0x76DFFA29+25]
	RtlGetAppContainerNamedObjectPath [0x76F47A7E+286]
	RtlGetAppContainerNamedObjectPath [0x76F47A4E+238]

	at org.openqa.selenium.remote.W3CHandshakeResponse.lambda$errorHandler$0(W3CHandshakeResponse.java:62)
	at org.openqa.selenium.remote.HandshakeResponse.lambda$getResponseFunction$0(HandshakeResponse.java:30)
	at org.openqa.selenium.remote.ProtocolHandshake.lambda$createSession$0(ProtocolHandshake.java:126)
	at java.base/java.util.stream.ReferencePipeline$3$1.accept(ReferencePipeline.java:195)
	at java.base/java.util.Spliterators$ArraySpliterator.tryAdvance(Spliterators.java:958)
	at java.base/java.util.stream.ReferencePipeline.forEachWithCancel(ReferencePipeline.java:127)
	at java.base/java.util.stream.AbstractPipeline.copyIntoWithCancel(AbstractPipeline.java:502)
	at java.base/java.util.stream.AbstractPipeline.copyInto(AbstractPipeline.java:488)
	at java.base/java.util.stream.AbstractPipeline.wrapAndCopyInto(AbstractPipeline.java:474)
	at java.base/java.util.stream.FindOps$FindOp.evaluateSequential(FindOps.java:150)
	at java.base/java.util.stream.AbstractPipeline.evaluate(AbstractPipeline.java:234)
	at java.base/java.util.stream.ReferencePipeline.findFirst(ReferencePipeline.java:543)
	at org.openqa.selenium.remote.ProtocolHandshake.createSession(ProtocolHandshake.java:128)
	at org.openqa.selenium.remote.ProtocolHandshake.createSession(ProtocolHandshake.java:74)
	at org.openqa.selenium.remote.HttpCommandExecutor.execute(HttpCommandExecutor.java:136)
	at org.openqa.selenium.remote.service.DriverCommandExecutor.execute(DriverCommandExecutor.java:83)
	at org.openqa.selenium.remote.RemoteWebDriver.execute(RemoteWebDriver.java:552)
	at org.openqa.selenium.remote.RemoteWebDriver.startSession(RemoteWebDriver.java:213)
	at org.openqa.selenium.remote.RemoteWebDriver.&lt;init&gt;(RemoteWebDriver.java:131)
	at org.openqa.selenium.chrome.ChromeDriver.&lt;init&gt;(ChromeDriver.java:181)
	at org.openqa.selenium.chrome.ChromeDriver.&lt;init&gt;(ChromeDriver.java:168)
	at org.openqa.selenium.chrome.ChromeDriver.&lt;init&gt;(ChromeDriver.java:123)
	at browserFactory.ChromeDriverManager.createDriver(ChromeDriverManager.java:10)
	at browserFactory.DriverManager.getDriver(DriverManager.java:20)
	at pageObjects.BasePage.browserDriverConnection(BasePage.java:30)
	at uiTests.BaseTest.loadData(BaseTest.java:46)
	at java.base/java.util.concurrent.ThreadPoolExecutor.runWorker(ThreadPoolExecutor.java:1130)
	at java.base/java.util.concurrent.ThreadPoolExecutor$Worker.run(ThreadPoolExecutor.java:630)
	at java.base/java.lang.Thread.run(Thread.java:832)
... Removed 21 stack frames
</div> <!-- stack-trace -->
                  <em>
(Validate user can create a task card in the Board)                  </em>
                </div> <!-- method-content -->
              </div> <!-- method -->
              <div class="method">
                <div class="method-content">
                  <a name="MoveCardToList">
                  </a> <!-- MoveCardToList -->
                  <span class="method-name">MoveCardToList</span>
                  <div class="stack-trace">org.openqa.selenium.SessionNotCreatedException: session not created: This version of ChromeDriver only supports Chrome version 86
Current browser version is 101.0.4951.54 with binary path C:\Program Files (x86)\Google\Chrome\Application\chrome.exe
Build info: version: &apos;3.141.59&apos;, revision: &apos;e82be7d358&apos;, time: &apos;2018-11-14T08:17:03&apos;
System info: host: &apos;EN911415&apos;, ip: &apos;192.168.1.111&apos;, os.name: &apos;Windows 10&apos;, os.arch: &apos;amd64&apos;, os.version: &apos;10.0&apos;, java.version: &apos;15.0.1&apos;
Driver info: driver.version: ChromeDriver
remote stacktrace: Backtrace:
	Ordinal0 [0x005DC013+3194899]
	Ordinal0 [0x004C6021+2056225]
	Ordinal0 [0x0035F608+587272]
	Ordinal0 [0x002E1BF3+72691]
	Ordinal0 [0x002DE229+57897]
	Ordinal0 [0x002DC64A+50762]
	Ordinal0 [0x00301EE9+204521]
	Ordinal0 [0x00301D0D+204045]
	Ordinal0 [0x002FFC1B+195611]
	Ordinal0 [0x002E3B7F+80767]
	Ordinal0 [0x002E4B4E+84814]
	Ordinal0 [0x002E4AD9+84697]
	Ordinal0 [0x004DCE64+2149988]
	GetHandleVerifier [0x0074BE95+1400773]
	GetHandleVerifier [0x0074BB61+1399953]
	GetHandleVerifier [0x007531FA+1430314]
	GetHandleVerifier [0x0074C69F+1402831]
	Ordinal0 [0x004D3D61+2112865]
	Ordinal0 [0x004DE5CB+2155979]
	Ordinal0 [0x004DE6F5+2156277]
	Ordinal0 [0x004EF26E+2224750]
	BaseThreadInitThunk [0x76DFFA29+25]
	RtlGetAppContainerNamedObjectPath [0x76F47A7E+286]
	RtlGetAppContainerNamedObjectPath [0x76F47A4E+238]

	at org.openqa.selenium.remote.W3CHandshakeResponse.lambda$errorHandler$0(W3CHandshakeResponse.java:62)
	at org.openqa.selenium.remote.HandshakeResponse.lambda$getResponseFunction$0(HandshakeResponse.java:30)
	at org.openqa.selenium.remote.ProtocolHandshake.lambda$createSession$0(ProtocolHandshake.java:126)
	at java.base/java.util.stream.ReferencePipeline$3$1.accept(ReferencePipeline.java:195)
	at java.base/java.util.Spliterators$ArraySpliterator.tryAdvance(Spliterators.java:958)
	at java.base/java.util.stream.ReferencePipeline.forEachWithCancel(ReferencePipeline.java:127)
	at java.base/java.util.stream.AbstractPipeline.copyIntoWithCancel(AbstractPipeline.java:502)
	at java.base/java.util.stream.AbstractPipeline.copyInto(AbstractPipeline.java:488)
	at java.base/java.util.stream.AbstractPipeline.wrapAndCopyInto(AbstractPipeline.java:474)
	at java.base/java.util.stream.FindOps$FindOp.evaluateSequential(FindOps.java:150)
	at java.base/java.util.stream.AbstractPipeline.evaluate(AbstractPipeline.java:234)
	at java.base/java.util.stream.ReferencePipeline.findFirst(ReferencePipeline.java:543)
	at org.openqa.selenium.remote.ProtocolHandshake.createSession(ProtocolHandshake.java:128)
	at org.openqa.selenium.remote.ProtocolHandshake.createSession(ProtocolHandshake.java:74)
	at org.openqa.selenium.remote.HttpCommandExecutor.execute(HttpCommandExecutor.java:136)
	at org.openqa.selenium.remote.service.DriverCommandExecutor.execute(DriverCommandExecutor.java:83)
	at org.openqa.selenium.remote.RemoteWebDriver.execute(RemoteWebDriver.java:552)
	at org.openqa.selenium.remote.RemoteWebDriver.startSession(RemoteWebDriver.java:213)
	at org.openqa.selenium.remote.RemoteWebDriver.&lt;init&gt;(RemoteWebDriver.java:131)
	at org.openqa.selenium.chrome.ChromeDriver.&lt;init&gt;(ChromeDriver.java:181)
	at org.openqa.selenium.chrome.ChromeDriver.&lt;init&gt;(ChromeDriver.java:168)
	at org.openqa.selenium.chrome.ChromeDriver.&lt;init&gt;(ChromeDriver.java:123)
	at browserFactory.ChromeDriverManager.createDriver(ChromeDriverManager.java:10)
	at browserFactory.DriverManager.getDriver(DriverManager.java:20)
	at pageObjects.BasePage.browserDriverConnection(BasePage.java:30)
	at uiTests.BaseTest.loadData(BaseTest.java:46)
	at java.base/java.util.concurrent.ThreadPoolExecutor.runWorker(ThreadPoolExecutor.java:1130)
	at java.base/java.util.concurrent.ThreadPoolExecutor$Worker.run(ThreadPoolExecutor.java:630)
	at java.base/java.lang.Thread.run(Thread.java:832)
... Removed 21 stack frames
</div> <!-- stack-trace -->
                  <em>
(Move the Card to other List)                  </em>
                </div> <!-- method-content -->
              </div> <!-- method -->
              <div class="method">
                <div class="method-content">
                  <a name="UpdateDescription">
                  </a> <!-- UpdateDescription -->
                  <span class="method-name">UpdateDescription</span>
                  <div class="stack-trace">org.openqa.selenium.SessionNotCreatedException: session not created: This version of ChromeDriver only supports Chrome version 86
Current browser version is 101.0.4951.54 with binary path C:\Program Files (x86)\Google\Chrome\Application\chrome.exe
Build info: version: &apos;3.141.59&apos;, revision: &apos;e82be7d358&apos;, time: &apos;2018-11-14T08:17:03&apos;
System info: host: &apos;EN911415&apos;, ip: &apos;192.168.1.111&apos;, os.name: &apos;Windows 10&apos;, os.arch: &apos;amd64&apos;, os.version: &apos;10.0&apos;, java.version: &apos;15.0.1&apos;
Driver info: driver.version: ChromeDriver
remote stacktrace: Backtrace:
	Ordinal0 [0x005DC013+3194899]
	Ordinal0 [0x004C6021+2056225]
	Ordinal0 [0x0035F608+587272]
	Ordinal0 [0x002E1BF3+72691]
	Ordinal0 [0x002DE229+57897]
	Ordinal0 [0x002DC64A+50762]
	Ordinal0 [0x00301EE9+204521]
	Ordinal0 [0x00301D0D+204045]
	Ordinal0 [0x002FFC1B+195611]
	Ordinal0 [0x002E3B7F+80767]
	Ordinal0 [0x002E4B4E+84814]
	Ordinal0 [0x002E4AD9+84697]
	Ordinal0 [0x004DCE64+2149988]
	GetHandleVerifier [0x0074BE95+1400773]
	GetHandleVerifier [0x0074BB61+1399953]
	GetHandleVerifier [0x007531FA+1430314]
	GetHandleVerifier [0x0074C69F+1402831]
	Ordinal0 [0x004D3D61+2112865]
	Ordinal0 [0x004DE5CB+2155979]
	Ordinal0 [0x004DE6F5+2156277]
	Ordinal0 [0x004EF26E+2224750]
	BaseThreadInitThunk [0x76DFFA29+25]
	RtlGetAppContainerNamedObjectPath [0x76F47A7E+286]
	RtlGetAppContainerNamedObjectPath [0x76F47A4E+238]

	at org.openqa.selenium.remote.W3CHandshakeResponse.lambda$errorHandler$0(W3CHandshakeResponse.java:62)
	at org.openqa.selenium.remote.HandshakeResponse.lambda$getResponseFunction$0(HandshakeResponse.java:30)
	at org.openqa.selenium.remote.ProtocolHandshake.lambda$createSession$0(ProtocolHandshake.java:126)
	at java.base/java.util.stream.ReferencePipeline$3$1.accept(ReferencePipeline.java:195)
	at java.base/java.util.Spliterators$ArraySpliterator.tryAdvance(Spliterators.java:958)
	at java.base/java.util.stream.ReferencePipeline.forEachWithCancel(ReferencePipeline.java:127)
	at java.base/java.util.stream.AbstractPipeline.copyIntoWithCancel(AbstractPipeline.java:502)
	at java.base/java.util.stream.AbstractPipeline.copyInto(AbstractPipeline.java:488)
	at java.base/java.util.stream.AbstractPipeline.wrapAndCopyInto(AbstractPipeline.java:474)
	at java.base/java.util.stream.FindOps$FindOp.evaluateSequential(FindOps.java:150)
	at java.base/java.util.stream.AbstractPipeline.evaluate(AbstractPipeline.java:234)
	at java.base/java.util.stream.ReferencePipeline.findFirst(ReferencePipeline.java:543)
	at org.openqa.selenium.remote.ProtocolHandshake.createSession(ProtocolHandshake.java:128)
	at org.openqa.selenium.remote.ProtocolHandshake.createSession(ProtocolHandshake.java:74)
	at org.openqa.selenium.remote.HttpCommandExecutor.execute(HttpCommandExecutor.java:136)
	at org.openqa.selenium.remote.service.DriverCommandExecutor.execute(DriverCommandExecutor.java:83)
	at org.openqa.selenium.remote.RemoteWebDriver.execute(RemoteWebDriver.java:552)
	at org.openqa.selenium.remote.RemoteWebDriver.startSession(RemoteWebDriver.java:213)
	at org.openqa.selenium.remote.RemoteWebDriver.&lt;init&gt;(RemoteWebDriver.java:131)
	at org.openqa.selenium.chrome.ChromeDriver.&lt;init&gt;(ChromeDriver.java:181)
	at org.openqa.selenium.chrome.ChromeDriver.&lt;init&gt;(ChromeDriver.java:168)
	at org.openqa.selenium.chrome.ChromeDriver.&lt;init&gt;(ChromeDriver.java:123)
	at browserFactory.ChromeDriverManager.createDriver(ChromeDriverManager.java:10)
	at browserFactory.DriverManager.getDriver(DriverManager.java:20)
	at pageObjects.BasePage.browserDriverConnection(BasePage.java:30)
	at uiTests.BaseTest.loadData(BaseTest.java:46)
	at java.base/java.util.concurrent.ThreadPoolExecutor.runWorker(ThreadPoolExecutor.java:1130)
	at java.base/java.util.concurrent.ThreadPoolExecutor$Worker.run(ThreadPoolExecutor.java:630)
	at java.base/java.lang.Thread.run(Thread.java:832)
... Removed 21 stack frames
</div> <!-- stack-trace -->
                  <em>
(Update the Description in the Card)                  </em>
                </div> <!-- method-content -->
              </div> <!-- method -->
              <div class="method">
                <div class="method-content">
                  <a name="ValidateCardWasMoved">
                  </a> <!-- ValidateCardWasMoved -->
                  <span class="method-name">ValidateCardWasMoved</span>
                  <div class="stack-trace">org.openqa.selenium.SessionNotCreatedException: session not created: This version of ChromeDriver only supports Chrome version 86
Current browser version is 101.0.4951.54 with binary path C:\Program Files (x86)\Google\Chrome\Application\chrome.exe
Build info: version: &apos;3.141.59&apos;, revision: &apos;e82be7d358&apos;, time: &apos;2018-11-14T08:17:03&apos;
System info: host: &apos;EN911415&apos;, ip: &apos;192.168.1.111&apos;, os.name: &apos;Windows 10&apos;, os.arch: &apos;amd64&apos;, os.version: &apos;10.0&apos;, java.version: &apos;15.0.1&apos;
Driver info: driver.version: ChromeDriver
remote stacktrace: Backtrace:
	Ordinal0 [0x005DC013+3194899]
	Ordinal0 [0x004C6021+2056225]
	Ordinal0 [0x0035F608+587272]
	Ordinal0 [0x002E1BF3+72691]
	Ordinal0 [0x002DE229+57897]
	Ordinal0 [0x002DC64A+50762]
	Ordinal0 [0x00301EE9+204521]
	Ordinal0 [0x00301D0D+204045]
	Ordinal0 [0x002FFC1B+195611]
	Ordinal0 [0x002E3B7F+80767]
	Ordinal0 [0x002E4B4E+84814]
	Ordinal0 [0x002E4AD9+84697]
	Ordinal0 [0x004DCE64+2149988]
	GetHandleVerifier [0x0074BE95+1400773]
	GetHandleVerifier [0x0074BB61+1399953]
	GetHandleVerifier [0x007531FA+1430314]
	GetHandleVerifier [0x0074C69F+1402831]
	Ordinal0 [0x004D3D61+2112865]
	Ordinal0 [0x004DE5CB+2155979]
	Ordinal0 [0x004DE6F5+2156277]
	Ordinal0 [0x004EF26E+2224750]
	BaseThreadInitThunk [0x76DFFA29+25]
	RtlGetAppContainerNamedObjectPath [0x76F47A7E+286]
	RtlGetAppContainerNamedObjectPath [0x76F47A4E+238]

	at org.openqa.selenium.remote.W3CHandshakeResponse.lambda$errorHandler$0(W3CHandshakeResponse.java:62)
	at org.openqa.selenium.remote.HandshakeResponse.lambda$getResponseFunction$0(HandshakeResponse.java:30)
	at org.openqa.selenium.remote.ProtocolHandshake.lambda$createSession$0(ProtocolHandshake.java:126)
	at java.base/java.util.stream.ReferencePipeline$3$1.accept(ReferencePipeline.java:195)
	at java.base/java.util.Spliterators$ArraySpliterator.tryAdvance(Spliterators.java:958)
	at java.base/java.util.stream.ReferencePipeline.forEachWithCancel(ReferencePipeline.java:127)
	at java.base/java.util.stream.AbstractPipeline.copyIntoWithCancel(AbstractPipeline.java:502)
	at java.base/java.util.stream.AbstractPipeline.copyInto(AbstractPipeline.java:488)
	at java.base/java.util.stream.AbstractPipeline.wrapAndCopyInto(AbstractPipeline.java:474)
	at java.base/java.util.stream.FindOps$FindOp.evaluateSequential(FindOps.java:150)
	at java.base/java.util.stream.AbstractPipeline.evaluate(AbstractPipeline.java:234)
	at java.base/java.util.stream.ReferencePipeline.findFirst(ReferencePipeline.java:543)
	at org.openqa.selenium.remote.ProtocolHandshake.createSession(ProtocolHandshake.java:128)
	at org.openqa.selenium.remote.ProtocolHandshake.createSession(ProtocolHandshake.java:74)
	at org.openqa.selenium.remote.HttpCommandExecutor.execute(HttpCommandExecutor.java:136)
	at org.openqa.selenium.remote.service.DriverCommandExecutor.execute(DriverCommandExecutor.java:83)
	at org.openqa.selenium.remote.RemoteWebDriver.execute(RemoteWebDriver.java:552)
	at org.openqa.selenium.remote.RemoteWebDriver.startSession(RemoteWebDriver.java:213)
	at org.openqa.selenium.remote.RemoteWebDriver.&lt;init&gt;(RemoteWebDriver.java:131)
	at org.openqa.selenium.chrome.ChromeDriver.&lt;init&gt;(ChromeDriver.java:181)
	at org.openqa.selenium.chrome.ChromeDriver.&lt;init&gt;(ChromeDriver.java:168)
	at org.openqa.selenium.chrome.ChromeDriver.&lt;init&gt;(ChromeDriver.java:123)
	at browserFactory.ChromeDriverManager.createDriver(ChromeDriverManager.java:10)
	at browserFactory.DriverManager.getDriver(DriverManager.java:20)
	at pageObjects.BasePage.browserDriverConnection(BasePage.java:30)
	at uiTests.BaseTest.loadData(BaseTest.java:46)
	at java.base/java.util.concurrent.ThreadPoolExecutor.runWorker(ThreadPoolExecutor.java:1130)
	at java.base/java.util.concurrent.ThreadPoolExecutor$Worker.run(ThreadPoolExecutor.java:630)
	at java.base/java.lang.Thread.run(Thread.java:832)
... Removed 21 stack frames
</div> <!-- stack-trace -->
                  <em>
(Validate The card was moved with the second way.)                  </em>
                </div> <!-- method-content -->
              </div> <!-- method -->
            </div> <!-- main-panel-content rounded-window-bottom -->
          </div> <!-- suite-SuiteTestsFrontEnd-class-skipped -->
          <div class="suite-SuiteTestsFrontEnd-class-skipped">
            <div class="main-panel-header rounded-window-top">
              <img src="skipped.png"/>
              <span class="class-name">uiTests.HomePageTests</span>
            </div> <!-- main-panel-header rounded-window-top -->
            <div class="main-panel-content rounded-window-bottom">
              <div class="method">
                <div class="method-content">
                  <a name="validateHomePage">
                  </a> <!-- validateHomePage -->
                  <span class="method-name">validateHomePage</span>
                  <div class="stack-trace">org.openqa.selenium.SessionNotCreatedException: session not created: This version of ChromeDriver only supports Chrome version 86
Current browser version is 101.0.4951.54 with binary path C:\Program Files (x86)\Google\Chrome\Application\chrome.exe
Build info: version: &apos;3.141.59&apos;, revision: &apos;e82be7d358&apos;, time: &apos;2018-11-14T08:17:03&apos;
System info: host: &apos;EN911415&apos;, ip: &apos;192.168.1.111&apos;, os.name: &apos;Windows 10&apos;, os.arch: &apos;amd64&apos;, os.version: &apos;10.0&apos;, java.version: &apos;15.0.1&apos;
Driver info: driver.version: ChromeDriver
remote stacktrace: Backtrace:
	Ordinal0 [0x005DC013+3194899]
	Ordinal0 [0x004C6021+2056225]
	Ordinal0 [0x0035F608+587272]
	Ordinal0 [0x002E1BF3+72691]
	Ordinal0 [0x002DE229+57897]
	Ordinal0 [0x002DC64A+50762]
	Ordinal0 [0x00301EE9+204521]
	Ordinal0 [0x00301D0D+204045]
	Ordinal0 [0x002FFC1B+195611]
	Ordinal0 [0x002E3B7F+80767]
	Ordinal0 [0x002E4B4E+84814]
	Ordinal0 [0x002E4AD9+84697]
	Ordinal0 [0x004DCE64+2149988]
	GetHandleVerifier [0x0074BE95+1400773]
	GetHandleVerifier [0x0074BB61+1399953]
	GetHandleVerifier [0x007531FA+1430314]
	GetHandleVerifier [0x0074C69F+1402831]
	Ordinal0 [0x004D3D61+2112865]
	Ordinal0 [0x004DE5CB+2155979]
	Ordinal0 [0x004DE6F5+2156277]
	Ordinal0 [0x004EF26E+2224750]
	BaseThreadInitThunk [0x76DFFA29+25]
	RtlGetAppContainerNamedObjectPath [0x76F47A7E+286]
	RtlGetAppContainerNamedObjectPath [0x76F47A4E+238]

	at org.openqa.selenium.remote.W3CHandshakeResponse.lambda$errorHandler$0(W3CHandshakeResponse.java:62)
	at org.openqa.selenium.remote.HandshakeResponse.lambda$getResponseFunction$0(HandshakeResponse.java:30)
	at org.openqa.selenium.remote.ProtocolHandshake.lambda$createSession$0(ProtocolHandshake.java:126)
	at java.base/java.util.stream.ReferencePipeline$3$1.accept(ReferencePipeline.java:195)
	at java.base/java.util.Spliterators$ArraySpliterator.tryAdvance(Spliterators.java:958)
	at java.base/java.util.stream.ReferencePipeline.forEachWithCancel(ReferencePipeline.java:127)
	at java.base/java.util.stream.AbstractPipeline.copyIntoWithCancel(AbstractPipeline.java:502)
	at java.base/java.util.stream.AbstractPipeline.copyInto(AbstractPipeline.java:488)
	at java.base/java.util.stream.AbstractPipeline.wrapAndCopyInto(AbstractPipeline.java:474)
	at java.base/java.util.stream.FindOps$FindOp.evaluateSequential(FindOps.java:150)
	at java.base/java.util.stream.AbstractPipeline.evaluate(AbstractPipeline.java:234)
	at java.base/java.util.stream.ReferencePipeline.findFirst(ReferencePipeline.java:543)
	at org.openqa.selenium.remote.ProtocolHandshake.createSession(ProtocolHandshake.java:128)
	at org.openqa.selenium.remote.ProtocolHandshake.createSession(ProtocolHandshake.java:74)
	at org.openqa.selenium.remote.HttpCommandExecutor.execute(HttpCommandExecutor.java:136)
	at org.openqa.selenium.remote.service.DriverCommandExecutor.execute(DriverCommandExecutor.java:83)
	at org.openqa.selenium.remote.RemoteWebDriver.execute(RemoteWebDriver.java:552)
	at org.openqa.selenium.remote.RemoteWebDriver.startSession(RemoteWebDriver.java:213)
	at org.openqa.selenium.remote.RemoteWebDriver.&lt;init&gt;(RemoteWebDriver.java:131)
	at org.openqa.selenium.chrome.ChromeDriver.&lt;init&gt;(ChromeDriver.java:181)
	at org.openqa.selenium.chrome.ChromeDriver.&lt;init&gt;(ChromeDriver.java:168)
	at org.openqa.selenium.chrome.ChromeDriver.&lt;init&gt;(ChromeDriver.java:123)
	at browserFactory.ChromeDriverManager.createDriver(ChromeDriverManager.java:10)
	at browserFactory.DriverManager.getDriver(DriverManager.java:20)
	at pageObjects.BasePage.browserDriverConnection(BasePage.java:30)
	at uiTests.BaseTest.loadData(BaseTest.java:46)
	at java.base/java.util.concurrent.ThreadPoolExecutor.runWorker(ThreadPoolExecutor.java:1130)
	at java.base/java.util.concurrent.ThreadPoolExecutor$Worker.run(ThreadPoolExecutor.java:630)
	at java.base/java.lang.Thread.run(Thread.java:832)
... Removed 21 stack frames
</div> <!-- stack-trace -->
                  <em>
(validate main components in the HomePage)                  </em>
                </div> <!-- method-content -->
              </div> <!-- method -->
              <div class="method">
                <div class="method-content">
                  <a name="validateLogin">
                  </a> <!-- validateLogin -->
                  <span class="method-name">validateLogin</span>
                  <div class="stack-trace">org.openqa.selenium.SessionNotCreatedException: session not created: This version of ChromeDriver only supports Chrome version 86
Current browser version is 101.0.4951.54 with binary path C:\Program Files (x86)\Google\Chrome\Application\chrome.exe
Build info: version: &apos;3.141.59&apos;, revision: &apos;e82be7d358&apos;, time: &apos;2018-11-14T08:17:03&apos;
System info: host: &apos;EN911415&apos;, ip: &apos;192.168.1.111&apos;, os.name: &apos;Windows 10&apos;, os.arch: &apos;amd64&apos;, os.version: &apos;10.0&apos;, java.version: &apos;15.0.1&apos;
Driver info: driver.version: ChromeDriver
remote stacktrace: Backtrace:
	Ordinal0 [0x005DC013+3194899]
	Ordinal0 [0x004C6021+2056225]
	Ordinal0 [0x0035F608+587272]
	Ordinal0 [0x002E1BF3+72691]
	Ordinal0 [0x002DE229+57897]
	Ordinal0 [0x002DC64A+50762]
	Ordinal0 [0x00301EE9+204521]
	Ordinal0 [0x00301D0D+204045]
	Ordinal0 [0x002FFC1B+195611]
	Ordinal0 [0x002E3B7F+80767]
	Ordinal0 [0x002E4B4E+84814]
	Ordinal0 [0x002E4AD9+84697]
	Ordinal0 [0x004DCE64+2149988]
	GetHandleVerifier [0x0074BE95+1400773]
	GetHandleVerifier [0x0074BB61+1399953]
	GetHandleVerifier [0x007531FA+1430314]
	GetHandleVerifier [0x0074C69F+1402831]
	Ordinal0 [0x004D3D61+2112865]
	Ordinal0 [0x004DE5CB+2155979]
	Ordinal0 [0x004DE6F5+2156277]
	Ordinal0 [0x004EF26E+2224750]
	BaseThreadInitThunk [0x76DFFA29+25]
	RtlGetAppContainerNamedObjectPath [0x76F47A7E+286]
	RtlGetAppContainerNamedObjectPath [0x76F47A4E+238]

	at org.openqa.selenium.remote.W3CHandshakeResponse.lambda$errorHandler$0(W3CHandshakeResponse.java:62)
	at org.openqa.selenium.remote.HandshakeResponse.lambda$getResponseFunction$0(HandshakeResponse.java:30)
	at org.openqa.selenium.remote.ProtocolHandshake.lambda$createSession$0(ProtocolHandshake.java:126)
	at java.base/java.util.stream.ReferencePipeline$3$1.accept(ReferencePipeline.java:195)
	at java.base/java.util.Spliterators$ArraySpliterator.tryAdvance(Spliterators.java:958)
	at java.base/java.util.stream.ReferencePipeline.forEachWithCancel(ReferencePipeline.java:127)
	at java.base/java.util.stream.AbstractPipeline.copyIntoWithCancel(AbstractPipeline.java:502)
	at java.base/java.util.stream.AbstractPipeline.copyInto(AbstractPipeline.java:488)
	at java.base/java.util.stream.AbstractPipeline.wrapAndCopyInto(AbstractPipeline.java:474)
	at java.base/java.util.stream.FindOps$FindOp.evaluateSequential(FindOps.java:150)
	at java.base/java.util.stream.AbstractPipeline.evaluate(AbstractPipeline.java:234)
	at java.base/java.util.stream.ReferencePipeline.findFirst(ReferencePipeline.java:543)
	at org.openqa.selenium.remote.ProtocolHandshake.createSession(ProtocolHandshake.java:128)
	at org.openqa.selenium.remote.ProtocolHandshake.createSession(ProtocolHandshake.java:74)
	at org.openqa.selenium.remote.HttpCommandExecutor.execute(HttpCommandExecutor.java:136)
	at org.openqa.selenium.remote.service.DriverCommandExecutor.execute(DriverCommandExecutor.java:83)
	at org.openqa.selenium.remote.RemoteWebDriver.execute(RemoteWebDriver.java:552)
	at org.openqa.selenium.remote.RemoteWebDriver.startSession(RemoteWebDriver.java:213)
	at org.openqa.selenium.remote.RemoteWebDriver.&lt;init&gt;(RemoteWebDriver.java:131)
	at org.openqa.selenium.chrome.ChromeDriver.&lt;init&gt;(ChromeDriver.java:181)
	at org.openqa.selenium.chrome.ChromeDriver.&lt;init&gt;(ChromeDriver.java:168)
	at org.openqa.selenium.chrome.ChromeDriver.&lt;init&gt;(ChromeDriver.java:123)
	at browserFactory.ChromeDriverManager.createDriver(ChromeDriverManager.java:10)
	at browserFactory.DriverManager.getDriver(DriverManager.java:20)
	at pageObjects.BasePage.browserDriverConnection(BasePage.java:30)
	at uiTests.BaseTest.loadData(BaseTest.java:46)
	at java.base/java.util.concurrent.ThreadPoolExecutor.runWorker(ThreadPoolExecutor.java:1130)
	at java.base/java.util.concurrent.ThreadPoolExecutor$Worker.run(ThreadPoolExecutor.java:630)
	at java.base/java.lang.Thread.run(Thread.java:832)
... Removed 21 stack frames
</div> <!-- stack-trace -->
                  <em>
(User can Login in the Page)                  </em>
                </div> <!-- method-content -->
              </div> <!-- method -->
              <div class="method">
                <div class="method-content">
                  <a name="validatePersonalProject">
                  </a> <!-- validatePersonalProject -->
                  <span class="method-name">validatePersonalProject</span>
                  <div class="stack-trace">org.openqa.selenium.SessionNotCreatedException: session not created: This version of ChromeDriver only supports Chrome version 86
Current browser version is 101.0.4951.54 with binary path C:\Program Files (x86)\Google\Chrome\Application\chrome.exe
Build info: version: &apos;3.141.59&apos;, revision: &apos;e82be7d358&apos;, time: &apos;2018-11-14T08:17:03&apos;
System info: host: &apos;EN911415&apos;, ip: &apos;192.168.1.111&apos;, os.name: &apos;Windows 10&apos;, os.arch: &apos;amd64&apos;, os.version: &apos;10.0&apos;, java.version: &apos;15.0.1&apos;
Driver info: driver.version: ChromeDriver
remote stacktrace: Backtrace:
	Ordinal0 [0x005DC013+3194899]
	Ordinal0 [0x004C6021+2056225]
	Ordinal0 [0x0035F608+587272]
	Ordinal0 [0x002E1BF3+72691]
	Ordinal0 [0x002DE229+57897]
	Ordinal0 [0x002DC64A+50762]
	Ordinal0 [0x00301EE9+204521]
	Ordinal0 [0x00301D0D+204045]
	Ordinal0 [0x002FFC1B+195611]
	Ordinal0 [0x002E3B7F+80767]
	Ordinal0 [0x002E4B4E+84814]
	Ordinal0 [0x002E4AD9+84697]
	Ordinal0 [0x004DCE64+2149988]
	GetHandleVerifier [0x0074BE95+1400773]
	GetHandleVerifier [0x0074BB61+1399953]
	GetHandleVerifier [0x007531FA+1430314]
	GetHandleVerifier [0x0074C69F+1402831]
	Ordinal0 [0x004D3D61+2112865]
	Ordinal0 [0x004DE5CB+2155979]
	Ordinal0 [0x004DE6F5+2156277]
	Ordinal0 [0x004EF26E+2224750]
	BaseThreadInitThunk [0x76DFFA29+25]
	RtlGetAppContainerNamedObjectPath [0x76F47A7E+286]
	RtlGetAppContainerNamedObjectPath [0x76F47A4E+238]

	at org.openqa.selenium.remote.W3CHandshakeResponse.lambda$errorHandler$0(W3CHandshakeResponse.java:62)
	at org.openqa.selenium.remote.HandshakeResponse.lambda$getResponseFunction$0(HandshakeResponse.java:30)
	at org.openqa.selenium.remote.ProtocolHandshake.lambda$createSession$0(ProtocolHandshake.java:126)
	at java.base/java.util.stream.ReferencePipeline$3$1.accept(ReferencePipeline.java:195)
	at java.base/java.util.Spliterators$ArraySpliterator.tryAdvance(Spliterators.java:958)
	at java.base/java.util.stream.ReferencePipeline.forEachWithCancel(ReferencePipeline.java:127)
	at java.base/java.util.stream.AbstractPipeline.copyIntoWithCancel(AbstractPipeline.java:502)
	at java.base/java.util.stream.AbstractPipeline.copyInto(AbstractPipeline.java:488)
	at java.base/java.util.stream.AbstractPipeline.wrapAndCopyInto(AbstractPipeline.java:474)
	at java.base/java.util.stream.FindOps$FindOp.evaluateSequential(FindOps.java:150)
	at java.base/java.util.stream.AbstractPipeline.evaluate(AbstractPipeline.java:234)
	at java.base/java.util.stream.ReferencePipeline.findFirst(ReferencePipeline.java:543)
	at org.openqa.selenium.remote.ProtocolHandshake.createSession(ProtocolHandshake.java:128)
	at org.openqa.selenium.remote.ProtocolHandshake.createSession(ProtocolHandshake.java:74)
	at org.openqa.selenium.remote.HttpCommandExecutor.execute(HttpCommandExecutor.java:136)
	at org.openqa.selenium.remote.service.DriverCommandExecutor.execute(DriverCommandExecutor.java:83)
	at org.openqa.selenium.remote.RemoteWebDriver.execute(RemoteWebDriver.java:552)
	at org.openqa.selenium.remote.RemoteWebDriver.startSession(RemoteWebDriver.java:213)
	at org.openqa.selenium.remote.RemoteWebDriver.&lt;init&gt;(RemoteWebDriver.java:131)
	at org.openqa.selenium.chrome.ChromeDriver.&lt;init&gt;(ChromeDriver.java:181)
	at org.openqa.selenium.chrome.ChromeDriver.&lt;init&gt;(ChromeDriver.java:168)
	at org.openqa.selenium.chrome.ChromeDriver.&lt;init&gt;(ChromeDriver.java:123)
	at browserFactory.ChromeDriverManager.createDriver(ChromeDriverManager.java:10)
	at browserFactory.DriverManager.getDriver(DriverManager.java:20)
	at pageObjects.BasePage.browserDriverConnection(BasePage.java:30)
	at uiTests.BaseTest.loadData(BaseTest.java:46)
	at java.base/java.util.concurrent.ThreadPoolExecutor.runWorker(ThreadPoolExecutor.java:1130)
	at java.base/java.util.concurrent.ThreadPoolExecutor$Worker.run(ThreadPoolExecutor.java:630)
	at java.base/java.lang.Thread.run(Thread.java:832)
... Removed 21 stack frames
</div> <!-- stack-trace -->
                  <em>
(Validate user get into the Project)                  </em>
                </div> <!-- method-content -->
              </div> <!-- method -->
              <div class="method">
                <div class="method-content">
                  <a name="validateScreenShotError">
                  </a> <!-- validateScreenShotError -->
                  <span class="method-name">validateScreenShotError</span>
                  <div class="stack-trace">org.openqa.selenium.SessionNotCreatedException: session not created: This version of ChromeDriver only supports Chrome version 86
Current browser version is 101.0.4951.54 with binary path C:\Program Files (x86)\Google\Chrome\Application\chrome.exe
Build info: version: &apos;3.141.59&apos;, revision: &apos;e82be7d358&apos;, time: &apos;2018-11-14T08:17:03&apos;
System info: host: &apos;EN911415&apos;, ip: &apos;192.168.1.111&apos;, os.name: &apos;Windows 10&apos;, os.arch: &apos;amd64&apos;, os.version: &apos;10.0&apos;, java.version: &apos;15.0.1&apos;
Driver info: driver.version: ChromeDriver
remote stacktrace: Backtrace:
	Ordinal0 [0x005DC013+3194899]
	Ordinal0 [0x004C6021+2056225]
	Ordinal0 [0x0035F608+587272]
	Ordinal0 [0x002E1BF3+72691]
	Ordinal0 [0x002DE229+57897]
	Ordinal0 [0x002DC64A+50762]
	Ordinal0 [0x00301EE9+204521]
	Ordinal0 [0x00301D0D+204045]
	Ordinal0 [0x002FFC1B+195611]
	Ordinal0 [0x002E3B7F+80767]
	Ordinal0 [0x002E4B4E+84814]
	Ordinal0 [0x002E4AD9+84697]
	Ordinal0 [0x004DCE64+2149988]
	GetHandleVerifier [0x0074BE95+1400773]
	GetHandleVerifier [0x0074BB61+1399953]
	GetHandleVerifier [0x007531FA+1430314]
	GetHandleVerifier [0x0074C69F+1402831]
	Ordinal0 [0x004D3D61+2112865]
	Ordinal0 [0x004DE5CB+2155979]
	Ordinal0 [0x004DE6F5+2156277]
	Ordinal0 [0x004EF26E+2224750]
	BaseThreadInitThunk [0x76DFFA29+25]
	RtlGetAppContainerNamedObjectPath [0x76F47A7E+286]
	RtlGetAppContainerNamedObjectPath [0x76F47A4E+238]

	at org.openqa.selenium.remote.W3CHandshakeResponse.lambda$errorHandler$0(W3CHandshakeResponse.java:62)
	at org.openqa.selenium.remote.HandshakeResponse.lambda$getResponseFunction$0(HandshakeResponse.java:30)
	at org.openqa.selenium.remote.ProtocolHandshake.lambda$createSession$0(ProtocolHandshake.java:126)
	at java.base/java.util.stream.ReferencePipeline$3$1.accept(ReferencePipeline.java:195)
	at java.base/java.util.Spliterators$ArraySpliterator.tryAdvance(Spliterators.java:958)
	at java.base/java.util.stream.ReferencePipeline.forEachWithCancel(ReferencePipeline.java:127)
	at java.base/java.util.stream.AbstractPipeline.copyIntoWithCancel(AbstractPipeline.java:502)
	at java.base/java.util.stream.AbstractPipeline.copyInto(AbstractPipeline.java:488)
	at java.base/java.util.stream.AbstractPipeline.wrapAndCopyInto(AbstractPipeline.java:474)
	at java.base/java.util.stream.FindOps$FindOp.evaluateSequential(FindOps.java:150)
	at java.base/java.util.stream.AbstractPipeline.evaluate(AbstractPipeline.java:234)
	at java.base/java.util.stream.ReferencePipeline.findFirst(ReferencePipeline.java:543)
	at org.openqa.selenium.remote.ProtocolHandshake.createSession(ProtocolHandshake.java:128)
	at org.openqa.selenium.remote.ProtocolHandshake.createSession(ProtocolHandshake.java:74)
	at org.openqa.selenium.remote.HttpCommandExecutor.execute(HttpCommandExecutor.java:136)
	at org.openqa.selenium.remote.service.DriverCommandExecutor.execute(DriverCommandExecutor.java:83)
	at org.openqa.selenium.remote.RemoteWebDriver.execute(RemoteWebDriver.java:552)
	at org.openqa.selenium.remote.RemoteWebDriver.startSession(RemoteWebDriver.java:213)
	at org.openqa.selenium.remote.RemoteWebDriver.&lt;init&gt;(RemoteWebDriver.java:131)
	at org.openqa.selenium.chrome.ChromeDriver.&lt;init&gt;(ChromeDriver.java:181)
	at org.openqa.selenium.chrome.ChromeDriver.&lt;init&gt;(ChromeDriver.java:168)
	at org.openqa.selenium.chrome.ChromeDriver.&lt;init&gt;(ChromeDriver.java:123)
	at browserFactory.ChromeDriverManager.createDriver(ChromeDriverManager.java:10)
	at browserFactory.DriverManager.getDriver(DriverManager.java:20)
	at pageObjects.BasePage.browserDriverConnection(BasePage.java:30)
	at uiTests.BaseTest.loadData(BaseTest.java:46)
	at java.base/java.util.concurrent.ThreadPoolExecutor.runWorker(ThreadPoolExecutor.java:1130)
	at java.base/java.util.concurrent.ThreadPoolExecutor$Worker.run(ThreadPoolExecutor.java:630)
	at java.base/java.lang.Thread.run(Thread.java:832)
... Removed 21 stack frames
</div> <!-- stack-trace -->
                  <em>
(Take ScreenShot when there is an Error.)                  </em>
                </div> <!-- method-content -->
              </div> <!-- method -->
            </div> <!-- main-panel-content rounded-window-bottom -->
          </div> <!-- suite-SuiteTestsFrontEnd-class-skipped -->
        </div> <!-- panel SuiteTestsFrontEnd -->
        <div panel-name="suite-SuiteTestsBackEnd" class="panel SuiteTestsBackEnd">
          <div class="suite-SuiteTestsBackEnd-class-passed">
            <div class="main-panel-header rounded-window-top">
              <img src="passed.png"/>
              <span class="class-name">apiTests.RestFullCard</span>
            </div> <!-- main-panel-header rounded-window-top -->
            <div class="main-panel-content rounded-window-bottom">
              <div class="method">
                <div class="method-content">
                  <a name="ValidateToCloseCard">
                  </a> <!-- ValidateToCloseCard -->
                  <span class="method-name">ValidateToCloseCard</span>
                  <em>
(Close a Card in any time)                  </em>
                </div> <!-- method-content -->
              </div> <!-- method -->
              <div class="method">
                <div class="method-content">
                  <a name="createNewCard">
                  </a> <!-- createNewCard -->
                  <span class="method-name">createNewCard</span>
                  <em>
(Create a new card in the List selected;  Could be: Backlog, Design, To Do, Doing, Code Review, Testing or Done.)                  </em>
                </div> <!-- method-content -->
              </div> <!-- method -->
              <div class="method">
                <div class="method-content">
                  <a name="validateAddNewComment">
                  </a> <!-- validateAddNewComment -->
                  <span class="method-name">validateAddNewComment</span>
                  <em>
(Adding a new Comment in a Card)                  </em>
                </div> <!-- method-content -->
              </div> <!-- method -->
              <div class="method">
                <div class="method-content">
                  <a name="validateCard">
                  </a> <!-- validateCard -->
                  <span class="method-name">validateCard</span>
                  <em>
(Validate the Information of the Card using its ID)                  </em>
                </div> <!-- method-content -->
              </div> <!-- method -->
              <div class="method">
                <div class="method-content">
                  <a name="validateDeleteCard">
                  </a> <!-- validateDeleteCard -->
                  <span class="method-name">validateDeleteCard</span>
                  <em>
(Delete a Card)                  </em>
                </div> <!-- method-content -->
              </div> <!-- method -->
              <div class="method">
                <div class="method-content">
                  <a name="validateLists">
                  </a> <!-- validateLists -->
                  <span class="method-name">validateLists</span>
                  <em>
(Validate the Lists in a Project Kanban are bigger than 5)                  </em>
                </div> <!-- method-content -->
              </div> <!-- method -->
              <div class="method">
                <div class="method-content">
                  <a name="validateMoveCardToList">
                  </a> <!-- validateMoveCardToList -->
                  <span class="method-name">validateMoveCardToList</span>
                  <em>
(Move the Card task from one List to Other)                  </em>
                </div> <!-- method-content -->
              </div> <!-- method -->
              <div class="method">
                <div class="method-content">
                  <a name="validateUpdateCard">
                  </a> <!-- validateUpdateCard -->
                  <span class="method-name">validateUpdateCard</span>
                  <em>
(Update the Card)                  </em>
                </div> <!-- method-content -->
              </div> <!-- method -->
            </div> <!-- main-panel-content rounded-window-bottom -->
          </div> <!-- suite-SuiteTestsBackEnd-class-passed -->
        </div> <!-- panel SuiteTestsBackEnd -->
        <div panel-name="test-xml-SuiteTestsFrontEnd" class="panel">
          <div class="main-panel-header rounded-window-top">
            <span class="header-content">C:\Users\cvalero\OneDrive - ENDAVA\Documents\Projects\FinalProjectAutomation\testngUI.xml</span>
          </div> <!-- main-panel-header rounded-window-top -->
          <div class="main-panel-content rounded-window-bottom">
            <pre>
&lt;?xml version=&quot;1.0&quot; encoding=&quot;UTF-8&quot;?&gt;
&lt;!DOCTYPE suite SYSTEM &quot;https://testng.org/testng-1.0.dtd&quot;&gt;
&lt;suite name=&quot;SuiteTestsFrontEnd&quot; guice-stage=&quot;DEVELOPMENT&quot; verbose=&quot;0&quot;&gt;
  &lt;test thread-count=&quot;1&quot; parallel=&quot;methods&quot; name=&quot;HomePageTest&quot; verbose=&quot;0&quot;&gt;
    &lt;classes&gt;
      &lt;class name=&quot;uiTests.HomePageTests&quot;/&gt;
    &lt;/classes&gt;
  &lt;/test&gt; &lt;!-- HomePageTest --&gt;
  &lt;test thread-count=&quot;1&quot; parallel=&quot;methods&quot; name=&quot;ProjectBoardTest&quot; verbose=&quot;0&quot;&gt;
    &lt;classes&gt;
      &lt;class name=&quot;uiTests.ProjectBoardTest&quot;/&gt;
    &lt;/classes&gt;
  &lt;/test&gt; &lt;!-- ProjectBoardTest --&gt;
&lt;/suite&gt; &lt;!-- SuiteTestsFrontEnd --&gt;
            </pre>
          </div> <!-- main-panel-content rounded-window-bottom -->
        </div> <!-- panel -->
        <div panel-name="test-xml-SuiteTestsBackEnd" class="panel">
          <div class="main-panel-header rounded-window-top">
            <span class="header-content">C:\Users\cvalero\OneDrive - ENDAVA\Documents\Projects\FinalProjectAutomation\testngAPI.xml</span>
          </div> <!-- main-panel-header rounded-window-top -->
          <div class="main-panel-content rounded-window-bottom">
            <pre>
&lt;?xml version=&quot;1.0&quot; encoding=&quot;UTF-8&quot;?&gt;
&lt;!DOCTYPE suite SYSTEM &quot;https://testng.org/testng-1.0.dtd&quot;&gt;
&lt;suite name=&quot;SuiteTestsBackEnd&quot; guice-stage=&quot;DEVELOPMENT&quot; verbose=&quot;0&quot;&gt;
  &lt;test thread-count=&quot;5&quot; parallel=&quot;methods&quot; name=&quot;Test&quot; verbose=&quot;0&quot;&gt;
    &lt;classes&gt;
      &lt;class name=&quot;apiTests.RestFullCard&quot;/&gt;
    &lt;/classes&gt;
  &lt;/test&gt; &lt;!-- Test --&gt;
&lt;/suite&gt; &lt;!-- SuiteTestsBackEnd --&gt;
            </pre>
          </div> <!-- main-panel-content rounded-window-bottom -->
        </div> <!-- panel -->
        <div panel-name="testlist-SuiteTestsFrontEnd" class="panel">
          <div class="main-panel-header rounded-window-top">
            <span class="header-content">Tests for SuiteTestsFrontEnd</span>
          </div> <!-- main-panel-header rounded-window-top -->
          <div class="main-panel-content rounded-window-bottom">
            <ul>
              <li>
                <span class="test-name">HomePageTest (1 class)</span>
              </li>
              <li>
                <span class="test-name">ProjectBoardTest (1 class)</span>
              </li>
            </ul>
          </div> <!-- main-panel-content rounded-window-bottom -->
        </div> <!-- panel -->
        <div panel-name="testlist-SuiteTestsBackEnd" class="panel">
          <div class="main-panel-header rounded-window-top">
            <span class="header-content">Tests for SuiteTestsBackEnd</span>
          </div> <!-- main-panel-header rounded-window-top -->
          <div class="main-panel-content rounded-window-bottom">
            <ul>
              <li>
                <span class="test-name">Test (1 class)</span>
              </li>
            </ul>
          </div> <!-- main-panel-content rounded-window-bottom -->
        </div> <!-- panel -->
        <div panel-name="group-SuiteTestsFrontEnd" class="panel">
          <div class="main-panel-header rounded-window-top">
            <span class="header-content">Groups for SuiteTestsFrontEnd</span>
          </div> <!-- main-panel-header rounded-window-top -->
          <div class="main-panel-content rounded-window-bottom">
          </div> <!-- main-panel-content rounded-window-bottom -->
        </div> <!-- panel -->
        <div panel-name="group-SuiteTestsBackEnd" class="panel">
          <div class="main-panel-header rounded-window-top">
            <span class="header-content">Groups for SuiteTestsBackEnd</span>
          </div> <!-- main-panel-header rounded-window-top -->
          <div class="main-panel-content rounded-window-bottom">
          </div> <!-- main-panel-content rounded-window-bottom -->
        </div> <!-- panel -->
        <div panel-name="times-SuiteTestsFrontEnd" class="panel">
          <div class="main-panel-header rounded-window-top">
            <span class="header-content">Times for SuiteTestsFrontEnd</span>
          </div> <!-- main-panel-header rounded-window-top -->
          <div class="main-panel-content rounded-window-bottom">
            <div class="times-div">
              <script type="text/javascript">
suiteTableInitFunctions.push('tableData_SuiteTestsFrontEnd');
function tableData_SuiteTestsFrontEnd() {
var data = new google.visualization.DataTable();
data.addColumn('number', 'Number');
data.addColumn('string', 'Method');
data.addColumn('string', 'Class');
data.addColumn('number', 'Time (ms)');
data.addRows(9);
data.setCell(0, 0, 0)
data.setCell(0, 1, 'validatePersonalProject')
data.setCell(0, 2, 'uiTests.HomePageTests')
data.setCell(0, 3, 2);
data.setCell(1, 0, 1)
data.setCell(1, 1, 'validateScreenShotError')
data.setCell(1, 2, 'uiTests.HomePageTests')
data.setCell(1, 3, 0);
data.setCell(2, 0, 2)
data.setCell(2, 1, 'validateLogin')
data.setCell(2, 2, 'uiTests.HomePageTests')
data.setCell(2, 3, 0);
data.setCell(3, 0, 3)
data.setCell(3, 1, 'validateHomePage')
data.setCell(3, 2, 'uiTests.HomePageTests')
data.setCell(3, 3, 0);
data.setCell(4, 0, 4)
data.setCell(4, 1, 'ValidateCardWasMoved')
data.setCell(4, 2, 'uiTests.ProjectBoardTest')
data.setCell(4, 3, 0);
data.setCell(5, 0, 5)
data.setCell(5, 1, 'CreateNewCard')
data.setCell(5, 2, 'uiTests.ProjectBoardTest')
data.setCell(5, 3, 0);
data.setCell(6, 0, 6)
data.setCell(6, 1, 'UpdateDescription')
data.setCell(6, 2, 'uiTests.ProjectBoardTest')
data.setCell(6, 3, 0);
data.setCell(7, 0, 7)
data.setCell(7, 1, 'MoveCardToList')
data.setCell(7, 2, 'uiTests.ProjectBoardTest')
data.setCell(7, 3, 0);
data.setCell(8, 0, 8)
data.setCell(8, 1, 'AddCommentCard')
data.setCell(8, 2, 'uiTests.ProjectBoardTest')
data.setCell(8, 3, 0);
window.suiteTableData['SuiteTestsFrontEnd']= { tableData: data, tableDiv: 'times-div-SuiteTestsFrontEnd'}
return data;
}
              </script>
              <span class="suite-total-time">Total running time: 2 ms</span>
              <div id="times-div-SuiteTestsFrontEnd">
              </div> <!-- times-div-SuiteTestsFrontEnd -->
            </div> <!-- times-div -->
          </div> <!-- main-panel-content rounded-window-bottom -->
        </div> <!-- panel -->
        <div panel-name="times-SuiteTestsBackEnd" class="panel">
          <div class="main-panel-header rounded-window-top">
            <span class="header-content">Times for SuiteTestsBackEnd</span>
          </div> <!-- main-panel-header rounded-window-top -->
          <div class="main-panel-content rounded-window-bottom">
            <div class="times-div">
              <script type="text/javascript">
suiteTableInitFunctions.push('tableData_SuiteTestsBackEnd');
function tableData_SuiteTestsBackEnd() {
var data = new google.visualization.DataTable();
data.addColumn('number', 'Number');
data.addColumn('string', 'Method');
data.addColumn('string', 'Class');
data.addColumn('number', 'Time (ms)');
data.addRows(8);
data.setCell(0, 0, 0)
data.setCell(0, 1, 'validateDeleteCard')
data.setCell(0, 2, 'apiTests.RestFullCard')
data.setCell(0, 3, 3826);
data.setCell(1, 0, 1)
data.setCell(1, 1, 'createNewCard')
data.setCell(1, 2, 'apiTests.RestFullCard')
data.setCell(1, 3, 2978);
data.setCell(2, 0, 2)
data.setCell(2, 1, 'validateAddNewComment')
data.setCell(2, 2, 'apiTests.RestFullCard')
data.setCell(2, 3, 2871);
data.setCell(3, 0, 3)
data.setCell(3, 1, 'validateCard')
data.setCell(3, 2, 'apiTests.RestFullCard')
data.setCell(3, 3, 2871);
data.setCell(4, 0, 4)
data.setCell(4, 1, 'validateLists')
data.setCell(4, 2, 'apiTests.RestFullCard')
data.setCell(4, 3, 2852);
data.setCell(5, 0, 5)
data.setCell(5, 1, 'ValidateToCloseCard')
data.setCell(5, 2, 'apiTests.RestFullCard')
data.setCell(5, 3, 1047);
data.setCell(6, 0, 6)
data.setCell(6, 1, 'validateMoveCardToList')
data.setCell(6, 2, 'apiTests.RestFullCard')
data.setCell(6, 3, 578);
data.setCell(7, 0, 7)
data.setCell(7, 1, 'validateUpdateCard')
data.setCell(7, 2, 'apiTests.RestFullCard')
data.setCell(7, 3, 498);
window.suiteTableData['SuiteTestsBackEnd']= { tableData: data, tableDiv: 'times-div-SuiteTestsBackEnd'}
return data;
}
              </script>
              <span class="suite-total-time">Total running time: 17 seconds</span>
              <div id="times-div-SuiteTestsBackEnd">
              </div> <!-- times-div-SuiteTestsBackEnd -->
            </div> <!-- times-div -->
          </div> <!-- main-panel-content rounded-window-bottom -->
        </div> <!-- panel -->
        <div panel-name="reporter-SuiteTestsFrontEnd" class="panel">
          <div class="main-panel-header rounded-window-top">
            <span class="header-content">Reporter output for SuiteTestsFrontEnd</span>
          </div> <!-- main-panel-header rounded-window-top -->
          <div class="main-panel-content rounded-window-bottom">
          </div> <!-- main-panel-content rounded-window-bottom -->
        </div> <!-- panel -->
        <div panel-name="reporter-SuiteTestsBackEnd" class="panel">
          <div class="main-panel-header rounded-window-top">
            <span class="header-content">Reporter output for SuiteTestsBackEnd</span>
          </div> <!-- main-panel-header rounded-window-top -->
          <div class="main-panel-content rounded-window-bottom">
          </div> <!-- main-panel-content rounded-window-bottom -->
        </div> <!-- panel -->
        <div panel-name="ignored-methods-SuiteTestsFrontEnd" class="panel">
          <div class="main-panel-header rounded-window-top">
            <span class="header-content">0 ignored methods</span>
          </div> <!-- main-panel-header rounded-window-top -->
          <div class="main-panel-content rounded-window-bottom">
          </div> <!-- main-panel-content rounded-window-bottom -->
        </div> <!-- panel -->
        <div panel-name="ignored-methods-SuiteTestsBackEnd" class="panel">
          <div class="main-panel-header rounded-window-top">
            <span class="header-content">0 ignored methods</span>
          </div> <!-- main-panel-header rounded-window-top -->
          <div class="main-panel-content rounded-window-bottom">
          </div> <!-- main-panel-content rounded-window-bottom -->
        </div> <!-- panel -->
        <div panel-name="chronological-SuiteTestsFrontEnd" class="panel">
          <div class="main-panel-header rounded-window-top">
            <span class="header-content">Methods in chronological order</span>
          </div> <!-- main-panel-header rounded-window-top -->
          <div class="main-panel-content rounded-window-bottom">
            <div class="chronological-class">
              <div class="chronological-class-name">uiTests.HomePageTests</div> <!-- chronological-class-name -->
              <div class="configuration-class before">
                <span class="method-name">beforeClass</span>
                <span class="method-start">0 ms</span>
              </div> <!-- configuration-class before -->
              <div class="configuration-method before">
                <img src="failed.png">
                </img>
                <span class="method-name">loadData</span>
                <span class="method-start">2 ms</span>
              </div> <!-- configuration-method before -->
              <div class="test-method">
                <span class="method-name">validateLogin</span>
                <span class="method-start">8577 ms</span>
              </div> <!-- test-method -->
              <div class="configuration-method after">
                <span class="method-name">afterClass</span>
                <span class="method-start">8608 ms</span>
              </div> <!-- configuration-method after -->
              <div class="configuration-method before">
                <span class="method-name">loadData</span>
                <span class="method-start">8618 ms</span>
              </div> <!-- configuration-method before -->
              <div class="test-method">
                <span class="method-name">validateHomePage</span>
                <span class="method-start">8622 ms</span>
              </div> <!-- test-method -->
              <div class="configuration-method after">
                <span class="method-name">afterClass</span>
                <span class="method-start">8634 ms</span>
              </div> <!-- configuration-method after -->
              <div class="configuration-method before">
                <span class="method-name">loadData</span>
                <span class="method-start">8638 ms</span>
              </div> <!-- configuration-method before -->
              <div class="test-method">
                <span class="method-name">validatePersonalProject</span>
                <span class="method-start">8644 ms</span>
              </div> <!-- test-method -->
              <div class="configuration-method after">
                <span class="method-name">afterClass</span>
                <span class="method-start">8660 ms</span>
              </div> <!-- configuration-method after -->
              <div class="configuration-method before">
                <span class="method-name">loadData</span>
                <span class="method-start">8667 ms</span>
              </div> <!-- configuration-method before -->
              <div class="test-method">
                <span class="method-name">validateScreenShotError</span>
                <span class="method-start">8671 ms</span>
              </div> <!-- test-method -->
              <div class="configuration-method after">
                <span class="method-name">afterClass</span>
                <span class="method-start">8684 ms</span>
              </div> <!-- configuration-method after -->
            </div> <!-- chronological-class -->
            <div class="chronological-class">
              <div class="chronological-class-name">uiTests.ProjectBoardTest</div> <!-- chronological-class-name -->
              <div class="configuration-class before">
                <span class="method-name">beforeClass</span>
                <span class="method-start">8805 ms</span>
              </div> <!-- configuration-class before -->
              <div class="configuration-method before">
                <img src="failed.png">
                </img>
                <span class="method-name">loadData</span>
                <span class="method-start">8884 ms</span>
              </div> <!-- configuration-method before -->
              <div class="test-method">
                <span class="method-name">CreateNewCard</span>
                <span class="method-start">17490 ms</span>
              </div> <!-- test-method -->
              <div class="configuration-method after">
                <span class="method-name">afterClass</span>
                <span class="method-start">17497 ms</span>
              </div> <!-- configuration-method after -->
              <div class="configuration-method before">
                <span class="method-name">loadData</span>
                <span class="method-start">17501 ms</span>
              </div> <!-- configuration-method before -->
              <div class="test-method">
                <span class="method-name">UpdateDescription</span>
                <span class="method-start">17507 ms</span>
              </div> <!-- test-method -->
              <div class="configuration-method after">
                <span class="method-name">afterClass</span>
                <span class="method-start">17512 ms</span>
              </div> <!-- configuration-method after -->
              <div class="configuration-method before">
                <span class="method-name">loadData</span>
                <span class="method-start">17540 ms</span>
              </div> <!-- configuration-method before -->
              <div class="test-method">
                <span class="method-name">AddCommentCard</span>
                <span class="method-start">17549 ms</span>
              </div> <!-- test-method -->
              <div class="configuration-method after">
                <span class="method-name">afterClass</span>
                <span class="method-start">17562 ms</span>
              </div> <!-- configuration-method after -->
              <div class="configuration-method before">
                <span class="method-name">loadData</span>
                <span class="method-start">17568 ms</span>
              </div> <!-- configuration-method before -->
              <div class="test-method">
                <span class="method-name">MoveCardToList</span>
                <span class="method-start">17571 ms</span>
              </div> <!-- test-method -->
              <div class="configuration-method after">
                <span class="method-name">afterClass</span>
                <span class="method-start">17579 ms</span>
              </div> <!-- configuration-method after -->
              <div class="configuration-method before">
                <span class="method-name">loadData</span>
                <span class="method-start">17584 ms</span>
              </div> <!-- configuration-method before -->
              <div class="test-method">
                <span class="method-name">ValidateCardWasMoved</span>
                <span class="method-start">17586 ms</span>
              </div> <!-- test-method -->
              <div class="configuration-method after">
                <span class="method-name">afterClass</span>
                <span class="method-start">17592 ms</span>
              </div> <!-- configuration-method after -->
          </div> <!-- main-panel-content rounded-window-bottom -->
        </div> <!-- panel -->
        <div panel-name="chronological-SuiteTestsBackEnd" class="panel">
          <div class="main-panel-header rounded-window-top">
            <span class="header-content">Methods in chronological order</span>
          </div> <!-- main-panel-header rounded-window-top -->
          <div class="main-panel-content rounded-window-bottom">
            <div class="chronological-class">
              <div class="chronological-class-name">apiTests.RestFullCard</div> <!-- chronological-class-name -->
              <div class="configuration-class before">
                <span class="method-name">beforeClass</span>
                <span class="method-start">0 ms</span>
              </div> <!-- configuration-class before -->
              <div class="test-method">
                <span class="method-name">validateLists</span>
                <span class="method-start">1148 ms</span>
              </div> <!-- test-method -->
              <div class="test-method">
                <span class="method-name">createNewCard</span>
                <span class="method-start">1148 ms</span>
              </div> <!-- test-method -->
              <div class="test-method">
                <span class="method-name">validateCard</span>
                <span class="method-start">1148 ms</span>
              </div> <!-- test-method -->
              <div class="test-method">
                <span class="method-name">validateDeleteCard</span>
                <span class="method-start">1148 ms</span>
              </div> <!-- test-method -->
              <div class="test-method">
                <span class="method-name">validateAddNewComment</span>
                <span class="method-start">1148 ms</span>
              </div> <!-- test-method -->
              <div class="test-method">
                <span class="method-name">validateUpdateCard</span>
                <span class="method-start">4067 ms</span>
              </div> <!-- test-method -->
              <div class="test-method">
                <span class="method-name">validateMoveCardToList</span>
                <span class="method-start">4067 ms</span>
              </div> <!-- test-method -->
              <div class="test-method">
                <span class="method-name">ValidateToCloseCard</span>
                <span class="method-start">4076 ms</span>
              </div> <!-- test-method -->
          </div> <!-- main-panel-content rounded-window-bottom -->
        </div> <!-- panel -->
      </div> <!-- main-panel-root -->
    </div> <!-- wrapper -->
  </body>
</html>
