<?xml version="1.0" encoding="UTF-8"?>
<testng-results skipped="0" failed="4" ignored="0" total="16" passed="12">
  <reporter-output>
  </reporter-output>
  <suite name="SuiteTestsFrontEnd" duration-ms="336764" started-at="2020-10-07T17:15:59 COT" finished-at="2020-10-07T17:21:35 COT">
    <groups>
    </groups>
    <test name="HomePageTest" duration-ms="164999" started-at="2020-10-07T17:15:59 COT" finished-at="2020-10-07T17:18:44 COT">
      <class name="uiTests.HomePageTests">
        <test-method status="PASS" signature="beforeClass()[pri:0, instance:uiTests.HomePageTests@5b7a7f33]" name="beforeClass" is-config="true" duration-ms="1" started-at="2020-10-07T17:15:59 COT" finished-at="2020-10-07T17:15:59 COT">
          <reporter-output>
          </reporter-output>
        </test-method> <!-- beforeClass -->
        <test-method status="PASS" signature="loadData()[pri:0, instance:uiTests.HomePageTests@5b7a7f33]" name="loadData" is-config="true" duration-ms="21839" started-at="2020-10-07T17:15:59 COT" finished-at="2020-10-07T17:16:21 COT">
          <reporter-output>
          </reporter-output>
        </test-method> <!-- loadData -->
        <test-method status="PASS" signature="validateLogin()[pri:1, instance:uiTests.HomePageTests@5b7a7f33]" name="validateLogin" duration-ms="23360" started-at="2020-10-07T17:16:21 COT" description="User can Login in the Page" finished-at="2020-10-07T17:16:44 COT">
          <reporter-output>
          </reporter-output>
        </test-method> <!-- validateLogin -->
        <test-method status="PASS" signature="afterClass(org.testng.ITestResult)[pri:0, instance:uiTests.HomePageTests@5b7a7f33]" name="afterClass" is-config="true" duration-ms="2272" started-at="2020-10-07T17:16:44 COT" finished-at="2020-10-07T17:16:46 COT">
          <params>
            <param index="0">
              <value>
                <![CDATA[[TestResult name=validateLogin status=SUCCESS method=HomePageTests.validateLogin()[pri:1, instance:uiTests.HomePageTests@5b7a7f33] output={null}]]]>
              </value>
            </param>
          </params>
          <reporter-output>
          </reporter-output>
        </test-method> <!-- afterClass -->
        <test-method status="PASS" signature="loadData()[pri:0, instance:uiTests.HomePageTests@5b7a7f33]" name="loadData" is-config="true" duration-ms="18519" started-at="2020-10-07T17:16:46 COT" finished-at="2020-10-07T17:17:05 COT">
          <reporter-output>
          </reporter-output>
        </test-method> <!-- loadData -->
        <test-method status="PASS" signature="validateHomePage()[pri:2, instance:uiTests.HomePageTests@5b7a7f33]" name="validateHomePage" duration-ms="22423" started-at="2020-10-07T17:17:05 COT" description="validate main components in the HomePage" finished-at="2020-10-07T17:17:27 COT">
          <reporter-output>
          </reporter-output>
        </test-method> <!-- validateHomePage -->
        <test-method status="PASS" signature="afterClass(org.testng.ITestResult)[pri:0, instance:uiTests.HomePageTests@5b7a7f33]" name="afterClass" is-config="true" duration-ms="3749" started-at="2020-10-07T17:17:27 COT" finished-at="2020-10-07T17:17:31 COT">
          <params>
            <param index="0">
              <value>
                <![CDATA[[TestResult name=validateHomePage status=SUCCESS method=HomePageTests.validateHomePage()[pri:2, instance:uiTests.HomePageTests@5b7a7f33] output={null}]]]>
              </value>
            </param>
          </params>
          <reporter-output>
          </reporter-output>
        </test-method> <!-- afterClass -->
        <test-method status="PASS" signature="loadData()[pri:0, instance:uiTests.HomePageTests@5b7a7f33]" name="loadData" is-config="true" duration-ms="16932" started-at="2020-10-07T17:17:31 COT" finished-at="2020-10-07T17:17:48 COT">
          <reporter-output>
          </reporter-output>
        </test-method> <!-- loadData -->
        <test-method status="PASS" signature="validatePersonalProject()[pri:3, instance:uiTests.HomePageTests@5b7a7f33]" name="validatePersonalProject" duration-ms="28002" started-at="2020-10-07T17:17:48 COT" description="Validate user get into the Project" finished-at="2020-10-07T17:18:16 COT">
          <reporter-output>
          </reporter-output>
        </test-method> <!-- validatePersonalProject -->
        <test-method status="PASS" signature="afterClass(org.testng.ITestResult)[pri:0, instance:uiTests.HomePageTests@5b7a7f33]" name="afterClass" is-config="true" duration-ms="3795" started-at="2020-10-07T17:18:16 COT" finished-at="2020-10-07T17:18:20 COT">
          <params>
            <param index="0">
              <value>
                <![CDATA[[TestResult name=validatePersonalProject status=SUCCESS method=HomePageTests.validatePersonalProject()[pri:3, instance:uiTests.HomePageTests@5b7a7f33] output={null}]]]>
              </value>
            </param>
          </params>
          <reporter-output>
          </reporter-output>
        </test-method> <!-- afterClass -->
        <test-method status="PASS" signature="loadData()[pri:0, instance:uiTests.HomePageTests@5b7a7f33]" name="loadData" is-config="true" duration-ms="17204" started-at="2020-10-07T17:18:20 COT" finished-at="2020-10-07T17:18:37 COT">
          <reporter-output>
          </reporter-output>
        </test-method> <!-- loadData -->
        <test-method status="FAIL" signature="validateScreenShotError()[pri:4, instance:uiTests.HomePageTests@5b7a7f33]" name="validateScreenShotError" duration-ms="186" started-at="2020-10-07T17:18:37 COT" description="Take ScreenShot when there is an Error." finished-at="2020-10-07T17:18:37 COT">
          <exception class="java.lang.AssertionError">
            <message>
              <![CDATA[expected [Log Out] but found [Log In]]]>
            </message>
            <full-stacktrace>
              <![CDATA[java.lang.AssertionError: expected [Log Out] but found [Log In]
at org.testng.Assert.fail(Assert.java:97)
at org.testng.Assert.assertEqualsImpl(Assert.java:136)
at org.testng.Assert.assertEquals(Assert.java:118)
at org.testng.Assert.assertEquals(Assert.java:575)
at org.testng.Assert.assertEquals(Assert.java:585)
at uiTests.HomePageTests.validateScreenShotError(HomePageTests.java:38)
at sun.reflect.NativeMethodAccessorImpl.invoke0(Native Method)
at sun.reflect.NativeMethodAccessorImpl.invoke(NativeMethodAccessorImpl.java:62)
at sun.reflect.DelegatingMethodAccessorImpl.invoke(DelegatingMethodAccessorImpl.java:43)
at java.lang.reflect.Method.invoke(Method.java:498)
at org.testng.internal.MethodInvocationHelper.invokeMethod(MethodInvocationHelper.java:134)
at org.testng.internal.TestInvoker.invokeMethod(TestInvoker.java:597)
at org.testng.internal.TestInvoker.invokeTestMethod(TestInvoker.java:173)
at org.testng.internal.MethodRunner.runInSequence(MethodRunner.java:46)
at org.testng.internal.TestInvoker$MethodInvocationAgent.invoke(TestInvoker.java:816)
at org.testng.internal.TestInvoker.invokeTestMethods(TestInvoker.java:146)
at org.testng.internal.TestMethodWorker.invokeTestMethods(TestMethodWorker.java:146)
at org.testng.internal.TestMethodWorker.run(TestMethodWorker.java:128)
at java.util.concurrent.ThreadPoolExecutor.runWorker(ThreadPoolExecutor.java:1149)
at java.util.concurrent.ThreadPoolExecutor$Worker.run(ThreadPoolExecutor.java:624)
at java.lang.Thread.run(Thread.java:748)
]]>
            </full-stacktrace>
          </exception> <!-- java.lang.AssertionError -->
          <reporter-output>
          </reporter-output>
        </test-method> <!-- validateScreenShotError -->
        <test-method status="PASS" signature="afterClass(org.testng.ITestResult)[pri:0, instance:uiTests.HomePageTests@5b7a7f33]" name="afterClass" is-config="true" duration-ms="6583" started-at="2020-10-07T17:18:37 COT" finished-at="2020-10-07T17:18:44 COT">
          <params>
            <param index="0">
              <value>
                <![CDATA[[TestResult name=validateScreenShotError status=FAILURE method=HomePageTests.validateScreenShotError()[pri:4, instance:uiTests.HomePageTests@5b7a7f33] output={null}]]]>
              </value>
            </param>
          </params>
          <reporter-output>
          </reporter-output>
        </test-method> <!-- afterClass -->
      </class> <!-- uiTests.HomePageTests -->
    </test> <!-- HomePageTest -->
    <test name="ProjectBoardTest" duration-ms="171724" started-at="2020-10-07T17:18:44 COT" finished-at="2020-10-07T17:21:35 COT">
      <class name="uiTests.ProjectBoardTest">
        <test-method status="PASS" signature="beforeClass()[pri:0, instance:uiTests.ProjectBoardTest@d554c5f]" name="beforeClass" is-config="true" duration-ms="1" started-at="2020-10-07T17:18:44 COT" finished-at="2020-10-07T17:18:44 COT">
          <reporter-output>
          </reporter-output>
        </test-method> <!-- beforeClass -->
        <test-method status="PASS" signature="loadData()[pri:0, instance:uiTests.ProjectBoardTest@d554c5f]" name="loadData" is-config="true" duration-ms="15943" started-at="2020-10-07T17:18:44 COT" finished-at="2020-10-07T17:19:00 COT">
          <reporter-output>
          </reporter-output>
        </test-method> <!-- loadData -->
        <test-method status="PASS" signature="CreateNewCard()[pri:1, instance:uiTests.ProjectBoardTest@d554c5f]" name="CreateNewCard" duration-ms="28941" started-at="2020-10-07T17:19:00 COT" description="Validate user can create a task card in the Board" finished-at="2020-10-07T17:19:29 COT">
          <reporter-output>
          </reporter-output>
        </test-method> <!-- CreateNewCard -->
        <test-method status="PASS" signature="afterClass(org.testng.ITestResult)[pri:0, instance:uiTests.ProjectBoardTest@d554c5f]" name="afterClass" is-config="true" duration-ms="5505" started-at="2020-10-07T17:19:29 COT" finished-at="2020-10-07T17:19:34 COT">
          <params>
            <param index="0">
              <value>
                <![CDATA[[TestResult name=CreateNewCard status=SUCCESS method=ProjectBoardTest.CreateNewCard()[pri:1, instance:uiTests.ProjectBoardTest@d554c5f] output={null}]]]>
              </value>
            </param>
          </params>
          <reporter-output>
          </reporter-output>
        </test-method> <!-- afterClass -->
        <test-method status="PASS" signature="loadData()[pri:0, instance:uiTests.ProjectBoardTest@d554c5f]" name="loadData" is-config="true" duration-ms="15982" started-at="2020-10-07T17:19:34 COT" finished-at="2020-10-07T17:19:50 COT">
          <reporter-output>
          </reporter-output>
        </test-method> <!-- loadData -->
        <test-method status="FAIL" signature="UpdateDescription()[pri:2, instance:uiTests.ProjectBoardTest@d554c5f]" name="UpdateDescription" duration-ms="23899" started-at="2020-10-07T17:19:50 COT" description="Update the Description in the Card" finished-at="2020-10-07T17:20:14 COT">
          <exception class="org.openqa.selenium.StaleElementReferenceException">
            <message>
              <![CDATA[stale element reference: element is not attached to the page document
  (Session info: chrome=85.0.4183.121)
For documentation on this error, please visit: https://www.seleniumhq.org/exceptions/stale_element_reference.html
Build info: version: '3.141.59', revision: 'e82be7d358', time: '2018-11-14T08:17:03'
System info: host: 'EN911042', ip: '192.168.0.43', os.name: 'Windows 10', os.arch: 'amd64', os.version: '10.0', java.version: '1.8.0_261'
Driver info: org.openqa.selenium.chrome.ChromeDriver
Capabilities {acceptInsecureCerts: false, browserName: chrome, browserVersion: 85.0.4183.121, chrome: {chromedriverVersion: 84.0.4147.30 (48b3e868b4cc0..., userDataDir: C:\Users\cvalero\AppData\Lo...}, goog:chromeOptions: {debuggerAddress: localhost:60137}, javascriptEnabled: true, networkConnectionEnabled: false, pageLoadStrategy: normal, platform: WINDOWS, platformName: WINDOWS, proxy: Proxy(), setWindowRect: true, strictFileInteractability: false, timeouts: {implicit: 0, pageLoad: 300000, script: 30000}, unhandledPromptBehavior: dismiss and notify, webauthn:virtualAuthenticators: true}
Session ID: 7d86c9a34f48f82ca7fd428568fdc3e0]]>
            </message>
            <full-stacktrace>
              <![CDATA[org.openqa.selenium.StaleElementReferenceException: stale element reference: element is not attached to the page document
  (Session info: chrome=85.0.4183.121)
For documentation on this error, please visit: https://www.seleniumhq.org/exceptions/stale_element_reference.html
Build info: version: '3.141.59', revision: 'e82be7d358', time: '2018-11-14T08:17:03'
System info: host: 'EN911042', ip: '192.168.0.43', os.name: 'Windows 10', os.arch: 'amd64', os.version: '10.0', java.version: '1.8.0_261'
Driver info: org.openqa.selenium.chrome.ChromeDriver
Capabilities {acceptInsecureCerts: false, browserName: chrome, browserVersion: 85.0.4183.121, chrome: {chromedriverVersion: 84.0.4147.30 (48b3e868b4cc0..., userDataDir: C:\Users\cvalero\AppData\Lo...}, goog:chromeOptions: {debuggerAddress: localhost:60137}, javascriptEnabled: true, networkConnectionEnabled: false, pageLoadStrategy: normal, platform: WINDOWS, platformName: WINDOWS, proxy: Proxy(), setWindowRect: true, strictFileInteractability: false, timeouts: {implicit: 0, pageLoad: 300000, script: 30000}, unhandledPromptBehavior: dismiss and notify, webauthn:virtualAuthenticators: true}
Session ID: 7d86c9a34f48f82ca7fd428568fdc3e0
at sun.reflect.NativeConstructorAccessorImpl.newInstance0(Native Method)
at sun.reflect.NativeConstructorAccessorImpl.newInstance(NativeConstructorAccessorImpl.java:62)
at sun.reflect.DelegatingConstructorAccessorImpl.newInstance(DelegatingConstructorAccessorImpl.java:45)
at java.lang.reflect.Constructor.newInstance(Constructor.java:423)
at org.openqa.selenium.remote.http.W3CHttpResponseCodec.createException(W3CHttpResponseCodec.java:187)
at org.openqa.selenium.remote.http.W3CHttpResponseCodec.decode(W3CHttpResponseCodec.java:122)
at org.openqa.selenium.remote.http.W3CHttpResponseCodec.decode(W3CHttpResponseCodec.java:49)
at org.openqa.selenium.remote.HttpCommandExecutor.execute(HttpCommandExecutor.java:158)
at org.openqa.selenium.remote.service.DriverCommandExecutor.execute(DriverCommandExecutor.java:83)
at org.openqa.selenium.remote.RemoteWebDriver.execute(RemoteWebDriver.java:552)
at org.openqa.selenium.remote.RemoteWebElement.execute(RemoteWebElement.java:285)
at org.openqa.selenium.remote.RemoteWebElement.click(RemoteWebElement.java:84)
at pageObjects.ProjectBoardPage.UpdateDescription(ProjectBoardPage.java:62)
at uiTests.ProjectBoardTest.UpdateDescription(ProjectBoardTest.java:30)
at sun.reflect.NativeMethodAccessorImpl.invoke0(Native Method)
at sun.reflect.NativeMethodAccessorImpl.invoke(NativeMethodAccessorImpl.java:62)
at sun.reflect.DelegatingMethodAccessorImpl.invoke(DelegatingMethodAccessorImpl.java:43)
at java.lang.reflect.Method.invoke(Method.java:498)
at org.testng.internal.MethodInvocationHelper.invokeMethod(MethodInvocationHelper.java:134)
at org.testng.internal.TestInvoker.invokeMethod(TestInvoker.java:597)
at org.testng.internal.TestInvoker.invokeTestMethod(TestInvoker.java:173)
at org.testng.internal.MethodRunner.runInSequence(MethodRunner.java:46)
at org.testng.internal.TestInvoker$MethodInvocationAgent.invoke(TestInvoker.java:816)
at org.testng.internal.TestInvoker.invokeTestMethods(TestInvoker.java:146)
at org.testng.internal.TestMethodWorker.invokeTestMethods(TestMethodWorker.java:146)
at org.testng.internal.TestMethodWorker.run(TestMethodWorker.java:128)
at java.util.concurrent.ThreadPoolExecutor.runWorker(ThreadPoolExecutor.java:1149)
at java.util.concurrent.ThreadPoolExecutor$Worker.run(ThreadPoolExecutor.java:624)
at java.lang.Thread.run(Thread.java:748)
]]>
            </full-stacktrace>
          </exception> <!-- org.openqa.selenium.StaleElementReferenceException -->
          <reporter-output>
          </reporter-output>
        </test-method> <!-- UpdateDescription -->
        <test-method status="PASS" signature="afterClass(org.testng.ITestResult)[pri:0, instance:uiTests.ProjectBoardTest@d554c5f]" name="afterClass" is-config="true" duration-ms="2975" started-at="2020-10-07T17:20:14 COT" finished-at="2020-10-07T17:20:17 COT">
          <params>
            <param index="0">
              <value>
                <![CDATA[[TestResult name=UpdateDescription status=FAILURE method=ProjectBoardTest.UpdateDescription()[pri:2, instance:uiTests.ProjectBoardTest@d554c5f] output={null}]]]>
              </value>
            </param>
          </params>
          <reporter-output>
          </reporter-output>
        </test-method> <!-- afterClass -->
        <test-method status="PASS" signature="loadData()[pri:0, instance:uiTests.ProjectBoardTest@d554c5f]" name="loadData" is-config="true" duration-ms="15856" started-at="2020-10-07T17:20:17 COT" finished-at="2020-10-07T17:20:33 COT">
          <reporter-output>
          </reporter-output>
        </test-method> <!-- loadData -->
        <test-method status="FAIL" signature="AddCommentCard()[pri:3, instance:uiTests.ProjectBoardTest@d554c5f]" name="AddCommentCard" duration-ms="20967" started-at="2020-10-07T17:20:33 COT" description="Add a comment in the Card" finished-at="2020-10-07T17:20:54 COT">
          <exception class="org.openqa.selenium.StaleElementReferenceException">
            <message>
              <![CDATA[stale element reference: element is not attached to the page document
  (Session info: chrome=85.0.4183.121)
For documentation on this error, please visit: https://www.seleniumhq.org/exceptions/stale_element_reference.html
Build info: version: '3.141.59', revision: 'e82be7d358', time: '2018-11-14T08:17:03'
System info: host: 'EN911042', ip: '192.168.0.43', os.name: 'Windows 10', os.arch: 'amd64', os.version: '10.0', java.version: '1.8.0_261'
Driver info: org.openqa.selenium.chrome.ChromeDriver
Capabilities {acceptInsecureCerts: false, browserName: chrome, browserVersion: 85.0.4183.121, chrome: {chromedriverVersion: 84.0.4147.30 (48b3e868b4cc0..., userDataDir: C:\Users\cvalero\AppData\Lo...}, goog:chromeOptions: {debuggerAddress: localhost:60306}, javascriptEnabled: true, networkConnectionEnabled: false, pageLoadStrategy: normal, platform: WINDOWS, platformName: WINDOWS, proxy: Proxy(), setWindowRect: true, strictFileInteractability: false, timeouts: {implicit: 0, pageLoad: 300000, script: 30000}, unhandledPromptBehavior: dismiss and notify, webauthn:virtualAuthenticators: true}
Session ID: 7ff8f62632fa26a809dcadb487528631]]>
            </message>
            <full-stacktrace>
              <![CDATA[org.openqa.selenium.StaleElementReferenceException: stale element reference: element is not attached to the page document
  (Session info: chrome=85.0.4183.121)
For documentation on this error, please visit: https://www.seleniumhq.org/exceptions/stale_element_reference.html
Build info: version: '3.141.59', revision: 'e82be7d358', time: '2018-11-14T08:17:03'
System info: host: 'EN911042', ip: '192.168.0.43', os.name: 'Windows 10', os.arch: 'amd64', os.version: '10.0', java.version: '1.8.0_261'
Driver info: org.openqa.selenium.chrome.ChromeDriver
Capabilities {acceptInsecureCerts: false, browserName: chrome, browserVersion: 85.0.4183.121, chrome: {chromedriverVersion: 84.0.4147.30 (48b3e868b4cc0..., userDataDir: C:\Users\cvalero\AppData\Lo...}, goog:chromeOptions: {debuggerAddress: localhost:60306}, javascriptEnabled: true, networkConnectionEnabled: false, pageLoadStrategy: normal, platform: WINDOWS, platformName: WINDOWS, proxy: Proxy(), setWindowRect: true, strictFileInteractability: false, timeouts: {implicit: 0, pageLoad: 300000, script: 30000}, unhandledPromptBehavior: dismiss and notify, webauthn:virtualAuthenticators: true}
Session ID: 7ff8f62632fa26a809dcadb487528631
at sun.reflect.NativeConstructorAccessorImpl.newInstance0(Native Method)
at sun.reflect.NativeConstructorAccessorImpl.newInstance(NativeConstructorAccessorImpl.java:62)
at sun.reflect.DelegatingConstructorAccessorImpl.newInstance(DelegatingConstructorAccessorImpl.java:45)
at java.lang.reflect.Constructor.newInstance(Constructor.java:423)
at org.openqa.selenium.remote.http.W3CHttpResponseCodec.createException(W3CHttpResponseCodec.java:187)
at org.openqa.selenium.remote.http.W3CHttpResponseCodec.decode(W3CHttpResponseCodec.java:122)
at org.openqa.selenium.remote.http.W3CHttpResponseCodec.decode(W3CHttpResponseCodec.java:49)
at org.openqa.selenium.remote.HttpCommandExecutor.execute(HttpCommandExecutor.java:158)
at org.openqa.selenium.remote.service.DriverCommandExecutor.execute(DriverCommandExecutor.java:83)
at org.openqa.selenium.remote.RemoteWebDriver.execute(RemoteWebDriver.java:552)
at org.openqa.selenium.remote.RemoteWebElement.execute(RemoteWebElement.java:285)
at org.openqa.selenium.remote.RemoteWebElement.click(RemoteWebElement.java:84)
at pageObjects.ProjectBoardPage.AddCommment(ProjectBoardPage.java:75)
at uiTests.ProjectBoardTest.AddCommentCard(ProjectBoardTest.java:42)
at sun.reflect.NativeMethodAccessorImpl.invoke0(Native Method)
at sun.reflect.NativeMethodAccessorImpl.invoke(NativeMethodAccessorImpl.java:62)
at sun.reflect.DelegatingMethodAccessorImpl.invoke(DelegatingMethodAccessorImpl.java:43)
at java.lang.reflect.Method.invoke(Method.java:498)
at org.testng.internal.MethodInvocationHelper.invokeMethod(MethodInvocationHelper.java:134)
at org.testng.internal.TestInvoker.invokeMethod(TestInvoker.java:597)
at org.testng.internal.TestInvoker.invokeTestMethod(TestInvoker.java:173)
at org.testng.internal.MethodRunner.runInSequence(MethodRunner.java:46)
at org.testng.internal.TestInvoker$MethodInvocationAgent.invoke(TestInvoker.java:816)
at org.testng.internal.TestInvoker.invokeTestMethods(TestInvoker.java:146)
at org.testng.internal.TestMethodWorker.invokeTestMethods(TestMethodWorker.java:146)
at org.testng.internal.TestMethodWorker.run(TestMethodWorker.java:128)
at java.util.concurrent.ThreadPoolExecutor.runWorker(ThreadPoolExecutor.java:1149)
at java.util.concurrent.ThreadPoolExecutor$Worker.run(ThreadPoolExecutor.java:624)
at java.lang.Thread.run(Thread.java:748)
]]>
            </full-stacktrace>
          </exception> <!-- org.openqa.selenium.StaleElementReferenceException -->
          <reporter-output>
          </reporter-output>
        </test-method> <!-- AddCommentCard -->
        <test-method status="PASS" signature="afterClass(org.testng.ITestResult)[pri:0, instance:uiTests.ProjectBoardTest@d554c5f]" name="afterClass" is-config="true" duration-ms="3091" started-at="2020-10-07T17:20:54 COT" finished-at="2020-10-07T17:20:57 COT">
          <params>
            <param index="0">
              <value>
                <![CDATA[[TestResult name=AddCommentCard status=FAILURE method=ProjectBoardTest.AddCommentCard()[pri:3, instance:uiTests.ProjectBoardTest@d554c5f] output={null}]]]>
              </value>
            </param>
          </params>
          <reporter-output>
          </reporter-output>
        </test-method> <!-- afterClass -->
        <test-method status="PASS" signature="loadData()[pri:0, instance:uiTests.ProjectBoardTest@d554c5f]" name="loadData" is-config="true" duration-ms="14031" started-at="2020-10-07T17:20:57 COT" finished-at="2020-10-07T17:21:11 COT">
          <reporter-output>
          </reporter-output>
        </test-method> <!-- loadData -->
        <test-method status="FAIL" signature="MoveCardToList()[pri:4, instance:uiTests.ProjectBoardTest@d554c5f]" name="MoveCardToList" duration-ms="21661" started-at="2020-10-07T17:21:11 COT" description="Move the Card to other List" finished-at="2020-10-07T17:21:33 COT">
          <exception class="org.openqa.selenium.StaleElementReferenceException">
            <message>
              <![CDATA[stale element reference: element is not attached to the page document
  (Session info: chrome=85.0.4183.121)
For documentation on this error, please visit: https://www.seleniumhq.org/exceptions/stale_element_reference.html
Build info: version: '3.141.59', revision: 'e82be7d358', time: '2018-11-14T08:17:03'
System info: host: 'EN911042', ip: '192.168.0.43', os.name: 'Windows 10', os.arch: 'amd64', os.version: '10.0', java.version: '1.8.0_261'
Driver info: org.openqa.selenium.chrome.ChromeDriver
Capabilities {acceptInsecureCerts: false, browserName: chrome, browserVersion: 85.0.4183.121, chrome: {chromedriverVersion: 84.0.4147.30 (48b3e868b4cc0..., userDataDir: C:\Users\cvalero\AppData\Lo...}, goog:chromeOptions: {debuggerAddress: localhost:60476}, javascriptEnabled: true, networkConnectionEnabled: false, pageLoadStrategy: normal, platform: WINDOWS, platformName: WINDOWS, proxy: Proxy(), setWindowRect: true, strictFileInteractability: false, timeouts: {implicit: 0, pageLoad: 300000, script: 30000}, unhandledPromptBehavior: dismiss and notify, webauthn:virtualAuthenticators: true}
Session ID: 27a36169c197002e8a958e7d4f2ed84b]]>
            </message>
            <full-stacktrace>
              <![CDATA[org.openqa.selenium.StaleElementReferenceException: stale element reference: element is not attached to the page document
  (Session info: chrome=85.0.4183.121)
For documentation on this error, please visit: https://www.seleniumhq.org/exceptions/stale_element_reference.html
Build info: version: '3.141.59', revision: 'e82be7d358', time: '2018-11-14T08:17:03'
System info: host: 'EN911042', ip: '192.168.0.43', os.name: 'Windows 10', os.arch: 'amd64', os.version: '10.0', java.version: '1.8.0_261'
Driver info: org.openqa.selenium.chrome.ChromeDriver
Capabilities {acceptInsecureCerts: false, browserName: chrome, browserVersion: 85.0.4183.121, chrome: {chromedriverVersion: 84.0.4147.30 (48b3e868b4cc0..., userDataDir: C:\Users\cvalero\AppData\Lo...}, goog:chromeOptions: {debuggerAddress: localhost:60476}, javascriptEnabled: true, networkConnectionEnabled: false, pageLoadStrategy: normal, platform: WINDOWS, platformName: WINDOWS, proxy: Proxy(), setWindowRect: true, strictFileInteractability: false, timeouts: {implicit: 0, pageLoad: 300000, script: 30000}, unhandledPromptBehavior: dismiss and notify, webauthn:virtualAuthenticators: true}
Session ID: 27a36169c197002e8a958e7d4f2ed84b
at sun.reflect.NativeConstructorAccessorImpl.newInstance0(Native Method)
at sun.reflect.NativeConstructorAccessorImpl.newInstance(NativeConstructorAccessorImpl.java:62)
at sun.reflect.DelegatingConstructorAccessorImpl.newInstance(DelegatingConstructorAccessorImpl.java:45)
at java.lang.reflect.Constructor.newInstance(Constructor.java:423)
at org.openqa.selenium.remote.http.W3CHttpResponseCodec.createException(W3CHttpResponseCodec.java:187)
at org.openqa.selenium.remote.http.W3CHttpResponseCodec.decode(W3CHttpResponseCodec.java:122)
at org.openqa.selenium.remote.http.W3CHttpResponseCodec.decode(W3CHttpResponseCodec.java:49)
at org.openqa.selenium.remote.HttpCommandExecutor.execute(HttpCommandExecutor.java:158)
at org.openqa.selenium.remote.service.DriverCommandExecutor.execute(DriverCommandExecutor.java:83)
at org.openqa.selenium.remote.RemoteWebDriver.execute(RemoteWebDriver.java:552)
at org.openqa.selenium.remote.RemoteWebElement.execute(RemoteWebElement.java:285)
at org.openqa.selenium.remote.RemoteWebElement.click(RemoteWebElement.java:84)
at pageObjects.ProjectBoardPage.MoveCardTo(ProjectBoardPage.java:90)
at uiTests.ProjectBoardTest.MoveCardToList(ProjectBoardTest.java:53)
at sun.reflect.NativeMethodAccessorImpl.invoke0(Native Method)
at sun.reflect.NativeMethodAccessorImpl.invoke(NativeMethodAccessorImpl.java:62)
at sun.reflect.DelegatingMethodAccessorImpl.invoke(DelegatingMethodAccessorImpl.java:43)
at java.lang.reflect.Method.invoke(Method.java:498)
at org.testng.internal.MethodInvocationHelper.invokeMethod(MethodInvocationHelper.java:134)
at org.testng.internal.TestInvoker.invokeMethod(TestInvoker.java:597)
at org.testng.internal.TestInvoker.invokeTestMethod(TestInvoker.java:173)
at org.testng.internal.MethodRunner.runInSequence(MethodRunner.java:46)
at org.testng.internal.TestInvoker$MethodInvocationAgent.invoke(TestInvoker.java:816)
at org.testng.internal.TestInvoker.invokeTestMethods(TestInvoker.java:146)
at org.testng.internal.TestMethodWorker.invokeTestMethods(TestMethodWorker.java:146)
at org.testng.internal.TestMethodWorker.run(TestMethodWorker.java:128)
at java.util.concurrent.ThreadPoolExecutor.runWorker(ThreadPoolExecutor.java:1149)
at java.util.concurrent.ThreadPoolExecutor$Worker.run(ThreadPoolExecutor.java:624)
at java.lang.Thread.run(Thread.java:748)
]]>
            </full-stacktrace>
          </exception> <!-- org.openqa.selenium.StaleElementReferenceException -->
          <reporter-output>
          </reporter-output>
        </test-method> <!-- MoveCardToList -->
        <test-method status="PASS" signature="afterClass(org.testng.ITestResult)[pri:0, instance:uiTests.ProjectBoardTest@d554c5f]" name="afterClass" is-config="true" duration-ms="2800" started-at="2020-10-07T17:21:33 COT" finished-at="2020-10-07T17:21:35 COT">
          <params>
            <param index="0">
              <value>
                <![CDATA[[TestResult name=MoveCardToList status=FAILURE method=ProjectBoardTest.MoveCardToList()[pri:4, instance:uiTests.ProjectBoardTest@d554c5f] output={null}]]]>
              </value>
            </param>
          </params>
          <reporter-output>
          </reporter-output>
        </test-method> <!-- afterClass -->
      </class> <!-- uiTests.ProjectBoardTest -->
    </test> <!-- ProjectBoardTest -->
  </suite> <!-- SuiteTestsFrontEnd -->
  <suite name="SuiteTestsBackEnd" duration-ms="10050" started-at="2020-10-07T17:15:48 COT" finished-at="2020-10-07T17:15:58 COT">
    <groups>
    </groups>
    <test name="Test" duration-ms="10050" started-at="2020-10-07T17:15:48 COT" finished-at="2020-10-07T17:15:58 COT">
      <class name="apiTests.RestFullCard">
        <test-method status="PASS" signature="beforeClass()[pri:0, instance:apiTests.RestFullCard@6f01b95f]" name="beforeClass" is-config="true" duration-ms="1095" started-at="2020-10-07T17:15:48 COT" finished-at="2020-10-07T17:15:50 COT">
          <reporter-output>
          </reporter-output>
        </test-method> <!-- beforeClass -->
        <test-method status="PASS" signature="validateLists()[pri:1, instance:apiTests.RestFullCard@6f01b95f]" name="validateLists" duration-ms="7016" started-at="2020-10-07T17:15:50 COT" description="Validate the Lists in a Project Kanban are bigger than 5" finished-at="2020-10-07T17:15:57 COT">
          <reporter-output>
          </reporter-output>
        </test-method> <!-- validateLists -->
        <test-method status="PASS" signature="validateDeleteCard()[pri:4, instance:apiTests.RestFullCard@6f01b95f]" name="validateDeleteCard" duration-ms="8196" started-at="2020-10-07T17:15:50 COT" description="Delete a Card" finished-at="2020-10-07T17:15:58 COT">
          <reporter-output>
          </reporter-output>
        </test-method> <!-- validateDeleteCard -->
        <test-method status="PASS" signature="validateAddNewComment()[pri:5, instance:apiTests.RestFullCard@6f01b95f]" name="validateAddNewComment" duration-ms="7000" started-at="2020-10-07T17:15:50 COT" description="Adding a new Comment in a Card" finished-at="2020-10-07T17:15:57 COT">
          <reporter-output>
          </reporter-output>
        </test-method> <!-- validateAddNewComment -->
        <test-method status="PASS" signature="createNewCard()[pri:3, instance:apiTests.RestFullCard@6f01b95f]" name="createNewCard" duration-ms="6911" started-at="2020-10-07T17:15:50 COT" description="Create a new card in the List selected;  Could be: Backlog, Design, To Do, Doing, Code Review, Testing or Done." finished-at="2020-10-07T17:15:56 COT">
          <reporter-output>
          </reporter-output>
        </test-method> <!-- createNewCard -->
        <test-method status="PASS" signature="validateCard()[pri:2, instance:apiTests.RestFullCard@6f01b95f]" name="validateCard" duration-ms="6890" started-at="2020-10-07T17:15:50 COT" description="Validate the Information of the Card using its ID" finished-at="2020-10-07T17:15:56 COT">
          <reporter-output>
          </reporter-output>
        </test-method> <!-- validateCard -->
        <test-method status="PASS" signature="validateMoveCardToList()[pri:6, instance:apiTests.RestFullCard@6f01b95f]" name="validateMoveCardToList" duration-ms="675" started-at="2020-10-07T17:15:57 COT" description="Move the Card task from one List to Other" finished-at="2020-10-07T17:15:58 COT">
          <reporter-output>
          </reporter-output>
        </test-method> <!-- validateMoveCardToList -->
        <test-method status="PASS" signature="validateUpdateCard()[pri:7, instance:apiTests.RestFullCard@6f01b95f]" name="validateUpdateCard" duration-ms="738" started-at="2020-10-07T17:15:57 COT" description="Update the Card" finished-at="2020-10-07T17:15:58 COT">
          <reporter-output>
          </reporter-output>
        </test-method> <!-- validateUpdateCard -->
        <test-method status="PASS" signature="ValidateToCloseCard()[pri:8, instance:apiTests.RestFullCard@6f01b95f]" name="ValidateToCloseCard" duration-ms="1458" started-at="2020-10-07T17:15:57 COT" description="Close a Card in any time" finished-at="2020-10-07T17:15:58 COT">
          <reporter-output>
          </reporter-output>
        </test-method> <!-- ValidateToCloseCard -->
      </class> <!-- apiTests.RestFullCard -->
    </test> <!-- Test -->
  </suite> <!-- SuiteTestsBackEnd -->
</testng-results>
