<?xml version="1.0" encoding="UTF-8"?>
<!-- Generated by org.testng.reporters.JUnitXMLReporter -->
<testsuite ignored="0" hostname="EN911415" failures="0" tests="5" name="ProjectBoardTest" time="8.793" errors="0" timestamp="2022-05-08T12:37:33 COT">
  <testcase classname="uiTests.BaseTest" name="@BeforeMethod loadData" time="8.594">
    <failure type="org.openqa.selenium.SessionNotCreatedException" message="session not created: This version of ChromeDriver only supports Chrome version 86
Current browser version is 101.0.4951.54 with binary path C:\Program Files (x86)\Google\Chrome\Application\chrome.exe
Build info: version: &amp;apos;3.141.59&amp;apos;, revision: &amp;apos;e82be7d358&amp;apos;, time: &amp;apos;2018-11-14T08:17:03&amp;apos;
System info: host: &amp;apos;EN911415&amp;apos;, ip: &amp;apos;192.168.1.111&amp;apos;, os.name: &amp;apos;Windows 10&amp;apos;, os.arch: &amp;apos;amd64&amp;apos;, os.version: &amp;apos;10.0&amp;apos;, java.version: &amp;apos;15.0.1&amp;apos;
Driver info: driver.version: ChromeDriver
remote stacktrace: Backtrace:
	Ordinal0 [0x005DC013+3194899]
	Ordinal0 [0x004C6021+2056225]
	Ordinal0 [0x0035F608+587272]
	Ordinal0 [0x002E1BF3+72691]
	Ordinal0 [0x002DE229+57897]
	Ordinal0 [0x002DC64A+50762]
	Ordinal0 [0x00301EE9+204521]
	Ordinal0 [0x00301D0D+204045]
	Ordinal0 [0x002FFC1B+195611]
	Ordinal0 [0x002E3B7F+80767]
	Ordinal0 [0x002E4B4E+84814]
	Ordinal0 [0x002E4AD9+84697]
	Ordinal0 [0x004DCE64+2149988]
	GetHandleVerifier [0x0074BE95+1400773]
	GetHandleVerifier [0x0074BB61+1399953]
	GetHandleVerifier [0x007531FA+1430314]
	GetHandleVerifier [0x0074C69F+1402831]
	Ordinal0 [0x004D3D61+2112865]
	Ordinal0 [0x004DE5CB+2155979]
	Ordinal0 [0x004DE6F5+2156277]
	Ordinal0 [0x004EF26E+2224750]
	BaseThreadInitThunk [0x76DFFA29+25]
	RtlGetAppContainerNamedObjectPath [0x76F47A7E+286]
	RtlGetAppContainerNamedObjectPath [0x76F47A4E+238]
">
      <![CDATA[org.openqa.selenium.SessionNotCreatedException: session not created: This version of ChromeDriver only supports Chrome version 86
Current browser version is 101.0.4951.54 with binary path C:\Program Files (x86)\Google\Chrome\Application\chrome.exe
Build info: version: '3.141.59', revision: 'e82be7d358', time: '2018-11-14T08:17:03'
System info: host: 'EN911415', ip: '192.168.1.111', os.name: 'Windows 10', os.arch: 'amd64', os.version: '10.0', java.version: '15.0.1'
Driver info: driver.version: ChromeDriver
remote stacktrace: Backtrace:
Ordinal0 [0x005DC013+3194899]
Ordinal0 [0x004C6021+2056225]
Ordinal0 [0x0035F608+587272]
Ordinal0 [0x002E1BF3+72691]
Ordinal0 [0x002DE229+57897]
Ordinal0 [0x002DC64A+50762]
Ordinal0 [0x00301EE9+204521]
Ordinal0 [0x00301D0D+204045]
Ordinal0 [0x002FFC1B+195611]
Ordinal0 [0x002E3B7F+80767]
Ordinal0 [0x002E4B4E+84814]
Ordinal0 [0x002E4AD9+84697]
Ordinal0 [0x004DCE64+2149988]
GetHandleVerifier [0x0074BE95+1400773]
GetHandleVerifier [0x0074BB61+1399953]
GetHandleVerifier [0x007531FA+1430314]
GetHandleVerifier [0x0074C69F+1402831]
Ordinal0 [0x004D3D61+2112865]
Ordinal0 [0x004DE5CB+2155979]
Ordinal0 [0x004DE6F5+2156277]
Ordinal0 [0x004EF26E+2224750]
BaseThreadInitThunk [0x76DFFA29+25]
RtlGetAppContainerNamedObjectPath [0x76F47A7E+286]
RtlGetAppContainerNamedObjectPath [0x76F47A4E+238]

at org.openqa.selenium.remote.W3CHandshakeResponse.lambda$errorHandler$0(W3CHandshakeResponse.java:62)
at org.openqa.selenium.remote.HandshakeResponse.lambda$getResponseFunction$0(HandshakeResponse.java:30)
at org.openqa.selenium.remote.ProtocolHandshake.lambda$createSession$0(ProtocolHandshake.java:126)
at java.base/java.util.stream.ReferencePipeline$3$1.accept(ReferencePipeline.java:195)
at java.base/java.util.Spliterators$ArraySpliterator.tryAdvance(Spliterators.java:958)
at java.base/java.util.stream.ReferencePipeline.forEachWithCancel(ReferencePipeline.java:127)
at java.base/java.util.stream.AbstractPipeline.copyIntoWithCancel(AbstractPipeline.java:502)
at java.base/java.util.stream.AbstractPipeline.copyInto(AbstractPipeline.java:488)
at java.base/java.util.stream.AbstractPipeline.wrapAndCopyInto(AbstractPipeline.java:474)
at java.base/java.util.stream.FindOps$FindOp.evaluateSequential(FindOps.java:150)
at java.base/java.util.stream.AbstractPipeline.evaluate(AbstractPipeline.java:234)
at java.base/java.util.stream.ReferencePipeline.findFirst(ReferencePipeline.java:543)
at org.openqa.selenium.remote.ProtocolHandshake.createSession(ProtocolHandshake.java:128)
at org.openqa.selenium.remote.ProtocolHandshake.createSession(ProtocolHandshake.java:74)
at org.openqa.selenium.remote.HttpCommandExecutor.execute(HttpCommandExecutor.java:136)
at org.openqa.selenium.remote.service.DriverCommandExecutor.execute(DriverCommandExecutor.java:83)
at org.openqa.selenium.remote.RemoteWebDriver.execute(RemoteWebDriver.java:552)
at org.openqa.selenium.remote.RemoteWebDriver.startSession(RemoteWebDriver.java:213)
at org.openqa.selenium.remote.RemoteWebDriver.<init>(RemoteWebDriver.java:131)
at org.openqa.selenium.chrome.ChromeDriver.<init>(ChromeDriver.java:181)
at org.openqa.selenium.chrome.ChromeDriver.<init>(ChromeDriver.java:168)
at org.openqa.selenium.chrome.ChromeDriver.<init>(ChromeDriver.java:123)
at browserFactory.ChromeDriverManager.createDriver(ChromeDriverManager.java:10)
at browserFactory.DriverManager.getDriver(DriverManager.java:20)
at pageObjects.BasePage.browserDriverConnection(BasePage.java:30)
at uiTests.BaseTest.loadData(BaseTest.java:46)
at java.base/java.util.concurrent.ThreadPoolExecutor.runWorker(ThreadPoolExecutor.java:1130)
at java.base/java.util.concurrent.ThreadPoolExecutor$Worker.run(ThreadPoolExecutor.java:630)
at java.base/java.lang.Thread.run(Thread.java:832)
... Removed 21 stack frames]]>
    </failure>
  </testcase> <!-- @BeforeMethod loadData -->
  <testcase classname="uiTests.BaseTest" name="@AfterMethod afterClass" time="-1.652031453824E9">
    <skipped/>
  </testcase> <!-- @AfterMethod afterClass -->
  <testcase classname="uiTests.BaseTest" name="@BeforeMethod loadData" time="-1.652031453828E9">
    <skipped/>
  </testcase> <!-- @BeforeMethod loadData -->
  <testcase classname="uiTests.BaseTest" name="@AfterMethod afterClass" time="-1.652031453839E9">
    <skipped/>
  </testcase> <!-- @AfterMethod afterClass -->
  <testcase classname="uiTests.BaseTest" name="@BeforeMethod loadData" time="-1.652031453867E9">
    <skipped/>
  </testcase> <!-- @BeforeMethod loadData -->
  <testcase classname="uiTests.BaseTest" name="@AfterMethod afterClass" time="-1.652031453889E9">
    <skipped/>
  </testcase> <!-- @AfterMethod afterClass -->
  <testcase classname="uiTests.BaseTest" name="@BeforeMethod loadData" time="-1.652031453895E9">
    <skipped/>
  </testcase> <!-- @BeforeMethod loadData -->
  <testcase classname="uiTests.BaseTest" name="@AfterMethod afterClass" time="-1.652031453906E9">
    <skipped/>
  </testcase> <!-- @AfterMethod afterClass -->
  <testcase classname="uiTests.BaseTest" name="@BeforeMethod loadData" time="-1.652031453911E9">
    <skipped/>
  </testcase> <!-- @BeforeMethod loadData -->
  <testcase classname="uiTests.BaseTest" name="@AfterMethod afterClass" time="-1.652031453919E9">
    <skipped/>
  </testcase> <!-- @AfterMethod afterClass -->
  <testcase classname="uiTests.ProjectBoardTest" name="CreateNewCard" time="0.0">
    <skipped/>
  </testcase> <!-- CreateNewCard -->
  <testcase classname="uiTests.ProjectBoardTest" name="UpdateDescription" time="0.0">
    <skipped/>
  </testcase> <!-- UpdateDescription -->
  <testcase classname="uiTests.ProjectBoardTest" name="AddCommentCard" time="0.0">
    <skipped/>
  </testcase> <!-- AddCommentCard -->
  <testcase classname="uiTests.ProjectBoardTest" name="MoveCardToList" time="0.0">
    <skipped/>
  </testcase> <!-- MoveCardToList -->
  <testcase classname="uiTests.ProjectBoardTest" name="ValidateCardWasMoved" time="0.0">
    <skipped/>
  </testcase> <!-- ValidateCardWasMoved -->
</testsuite> <!-- ProjectBoardTest -->
